[2026-05-21 07:19:43] 检测到 1 个未推送 commit，开始 push...
To https://github.com/chirs0901/rumorcrusher.git
   ccfc366..193b35c  main -> main
[2026-05-21 07:19:43] ✓ 推送成功（proxy=http://127.0.0.1:7897）
[2026-05-21 22:17:43] 检测到 1 个未推送 commit，开始 push...
To https://github.com/chirs0901/rumorcrusher.git
   193b35c..a57fa5b  main -> main
[2026-05-21 22:17:43] ✓ 推送成功（proxy=http://127.0.0.1:7897）
[2026-05-21 23:15:41] 检测到 1 个未推送 commit，开始 push...
[2026-05-21 23:26:06] 检测到 1 个未推送 commit，开始 push...
remote: No anonymous write access.
fatal: Authentication failed for 'https://github.com/chirs0901/rumorcrusher.git/'
fatal: unable to access 'https://github.com/chirs0901/rumorcrusher.git/': Failed to connect to 127.0.0.1 port 1080 after 0 ms: Couldn't connect to server
fatal: could not read Password for 'https://github.com': Device not configured
[2026-05-21 23:26:06] ✗ 所有代理均失败，下次（5分钟后）重试
[2026-05-21 23:38:55] 检测到 2 个未推送 commit，开始 push...
fatal: could not read Password for 'https://github.com': Device not configured
fatal: unable to access 'https://github.com/chirs0901/rumorcrusher.git/': Failed to connect to 127.0.0.1 port 1080 after 0 ms: Couldn't connect to server
fatal: could not read Password for 'https://github.com': Device not configured
[2026-05-21 23:38:55] ✗ 所有代理均失败，下次（5分钟后）重试
[2026-05-21 23:44:34] 检测到 2 个未推送 commit，开始 push...
fatal: could not read Password for 'https://github.com': Device not configured
fatal: unable to access 'https://github.com/chirs0901/rumorcrusher.git/': Failed to connect to 127.0.0.1 port 1080 after 0 ms: Couldn't connect to server
fatal: could not read Password for 'https://github.com': Device not configured
[2026-05-21 23:44:34] ✗ 所有代理均失败，下次（5分钟后）重试
[2026-05-21 23:49:39] 检测到 2 个未推送 commit，开始 push...
fatal: could not read Password for 'https://github.com': Device not configured
fatal: unable to access 'https://github.com/chirs0901/rumorcrusher.git/': Failed to connect to 127.0.0.1 port 1080 after 0 ms: Couldn't connect to server
fatal: could not read Password for 'https://github.com': Device not configured
[2026-05-21 23:49:39] ✗ 所有代理均失败，下次（5分钟后）重试
[2026-05-21 23:54:43] 检测到 2 个未推送 commit，开始 push...
fatal: could not read Password for 'https://github.com': Device not configured
fatal: unable to access 'https://github.com/chirs0901/rumorcrusher.git/': Failed to connect to 127.0.0.1 port 1080 after 0 ms: Couldn't connect to server
fatal: could not read Password for 'https://github.com': Device not configured
[2026-05-21 23:54:43] ✗ 所有代理均失败，下次（5分钟后）重试
[2026-05-22 00:00:17] 检测到 2 个未推送 commit，开始 push...
fatal: could not read Password for 'https://github.com': Device not configured
fatal: unable to access 'https://github.com/chirs0901/rumorcrusher.git/': Failed to connect to 127.0.0.1 port 1080 after 0 ms: Couldn't connect to server
fatal: could not read Password for 'https://github.com': Device not configured
[2026-05-22 00:00:17] ✗ 所有代理均失败，下次（5分钟后）重试
[2026-05-22 00:05:21] 检测到 2 个未推送 commit，开始 push...
fatal: could not read Password for 'https://github.com': Device not configured
fatal: unable to access 'https://github.com/chirs0901/rumorcrusher.git/': Failed to connect to 127.0.0.1 port 1080 after 0 ms: Couldn't connect to server
fatal: could not read Password for 'https://github.com': Device not configured
[2026-05-22 00:05:21] ✗ 所有代理均失败，下次（5分钟后）重试
[2026-05-22 00:10:25] 检测到 2 个未推送 commit，开始 push...
fatal: could not read Password for 'https://github.com': Device not configured
fatal: unable to access 'https://github.com/chirs0901/rumorcrusher.git/': Failed to connect to 127.0.0.1 port 1080 after 0 ms: Couldn't connect to server
fatal: could not read Password for 'https://github.com': Device not configured
[2026-05-22 00:10:25] ✗ 所有代理均失败，下次（5分钟后）重试
[2026-05-22 00:17:06] 检测到 2 个未推送 commit，开始 push...
fatal: could not read Password for 'https://github.com': Device not configured
fatal: unable to access 'https://github.com/chirs0901/rumorcrusher.git/': Failed to connect to 127.0.0.1 port 1080 after 0 ms: Couldn't connect to server
fatal: could not read Password for 'https://github.com': Device not configured
[2026-05-22 00:17:06] ✗ 所有代理均失败，下次（5分钟后）重试
[2026-05-22 00:22:10] 检测到 2 个未推送 commit，开始 push...
fatal: could not read Password for 'https://github.com': Device not configured
fatal: unable to access 'https://github.com/chirs0901/rumorcrusher.git/': Failed to connect to 127.0.0.1 port 1080 after 0 ms: Couldn't connect to server
fatal: could not read Password for 'https://github.com': Device not configured
[2026-05-22 00:22:10] ✗ 所有代理均失败，下次（5分钟后）重试
[2026-05-22 01:44:43] 检测到 2 个未推送 commit，开始 push...
fatal: could not read Password for 'https://github.com': Device not configured
fatal: unable to access 'https://github.com/chirs0901/rumorcrusher.git/': Failed to connect to 127.0.0.1 port 1080 after 0 ms: Couldn't connect to server
fatal: could not read Password for 'https://github.com': Device not configured
[2026-05-22 01:44:43] ✗ 所有代理均失败，下次（5分钟后）重试
[2026-05-22 03:29:35] 检测到 2 个未推送 commit，开始 push...
fatal: could not read Password for 'https://github.com': Device not configured
fatal: unable to access 'https://github.com/chirs0901/rumorcrusher.git/': Failed to connect to 127.0.0.1 port 1080 after 0 ms: Couldn't connect to server
fatal: could not read Password for 'https://github.com': Device not configured
[2026-05-22 03:29:35] ✗ 所有代理均失败，下次（5分钟后）重试
[2026-05-22 05:06:52] 检测到 2 个未推送 commit，开始 push...
fatal: could not read Password for 'https://github.com': Device not configured
fatal: unable to access 'https://github.com/chirs0901/rumorcrusher.git/': Failed to connect to 127.0.0.1 port 1080 after 0 ms: Couldn't connect to server
fatal: could not read Password for 'https://github.com': Device not configured
[2026-05-22 05:06:52] ✗ 所有代理均失败，下次（5分钟后）重试
[2026-05-22 06:20:42] 检测到 2 个未推送 commit，开始 push...
fatal: could not read Password for 'https://github.com': Device not configured
fatal: unable to access 'https://github.com/chirs0901/rumorcrusher.git/': Failed to connect to 127.0.0.1 port 1080 after 0 ms: Couldn't connect to server
fatal: could not read Password for 'https://github.com': Device not configured
[2026-05-22 06:20:42] ✗ 所有代理均失败，下次（5分钟后）重试
[2026-05-22 07:19:45] 检测到 2 个未推送 commit，开始 push...
fatal: could not read Password for 'https://github.com': Device not configured
fatal: unable to access 'https://github.com/chirs0901/rumorcrusher.git/': Failed to connect to 127.0.0.1 port 1080 after 0 ms: Couldn't connect to server
fatal: could not read Password for 'https://github.com': Device not configured
[2026-05-22 07:19:45] ✗ 所有代理均失败，下次（5分钟后）重试
[2026-05-22 07:24:48] 检测到 2 个未推送 commit，开始 push...
fatal: could not read Password for 'https://github.com': Device not configured
fatal: unable to access 'https://github.com/chirs0901/rumorcrusher.git/': Failed to connect to 127.0.0.1 port 1080 after 0 ms: Couldn't connect to server
fatal: could not read Password for 'https://github.com': Device not configured
[2026-05-22 07:24:48] ✗ 所有代理均失败，下次（5分钟后）重试
[2026-05-22 07:29:51] 检测到 2 个未推送 commit，开始 push...
remote: Permission to chirs0901/rumorcrusher.git denied to chirs0901.
fatal: unable to access 'https://github.com/chirs0901/rumorcrusher.git/': The requested URL returned error: 403
fatal: unable to access 'https://github.com/chirs0901/rumorcrusher.git/': Failed to connect to 127.0.0.1 port 1080 after 0 ms: Couldn't connect to server
remote: Permission to chirs0901/rumorcrusher.git denied to chirs0901.
fatal: unable to access 'https://github.com/chirs0901/rumorcrusher.git/': The requested URL returned error: 403
[2026-05-22 07:29:51] ✗ 所有代理均失败，下次（5分钟后）重试
[2026-05-22 07:34:54] 检测到 2 个未推送 commit，开始 push...
remote: Permission to chirs0901/rumorcrusher.git denied to chirs0901.
fatal: unable to access 'https://github.com/chirs0901/rumorcrusher.git/': The requested URL returned error: 403
fatal: unable to access 'https://github.com/chirs0901/rumorcrusher.git/': Failed to connect to 127.0.0.1 port 1080 after 0 ms: Couldn't connect to server
remote: Permission to chirs0901/rumorcrusher.git denied to chirs0901.
fatal: unable to access 'https://github.com/chirs0901/rumorcrusher.git/': The requested URL returned error: 403
[2026-05-22 07:34:54] ✗ 所有代理均失败，下次（5分钟后）重试
[2026-05-22 07:39:57] 检测到 2 个未推送 commit，开始 push...
remote: Permission to chirs0901/rumorcrusher.git denied to chirs0901.
fatal: unable to access 'https://github.com/chirs0901/rumorcrusher.git/': The requested URL returned error: 403
fatal: unable to access 'https://github.com/chirs0901/rumorcrusher.git/': Failed to connect to 127.0.0.1 port 1080 after 0 ms: Couldn't connect to server
remote: Permission to chirs0901/rumorcrusher.git denied to chirs0901.
fatal: unable to access 'https://github.com/chirs0901/rumorcrusher.git/': The requested URL returned error: 403
[2026-05-22 07:39:57] ✗ 所有代理均失败，下次（5分钟后）重试
[2026-05-22 07:46:27] 检测到 2 个未推送 commit，开始 push...
remote: Permission to chirs0901/rumorcrusher.git denied to chirs0901.
fatal: unable to access 'https://github.com/chirs0901/rumorcrusher.git/': The requested URL returned error: 403
fatal: unable to access 'https://github.com/chirs0901/rumorcrusher.git/': Failed to connect to 127.0.0.1 port 1080 after 0 ms: Couldn't connect to server
fatal: unable to access 'https://github.com/chirs0901/rumorcrusher.git/': Recv failure: Operation timed out
[2026-05-22 07:46:27] ✗ 所有代理均失败，下次（5分钟后）重试
[2026-05-22 07:52:57] 检测到 2 个未推送 commit，开始 push...
remote: Permission to chirs0901/rumorcrusher.git denied to chirs0901.
fatal: unable to access 'https://github.com/chirs0901/rumorcrusher.git/': The requested URL returned error: 403
fatal: unable to access 'https://github.com/chirs0901/rumorcrusher.git/': Failed to connect to 127.0.0.1 port 1080 after 0 ms: Couldn't connect to server
remote: Permission to chirs0901/rumorcrusher.git denied to chirs0901.
fatal: unable to access 'https://github.com/chirs0901/rumorcrusher.git/': The requested URL returned error: 403
[2026-05-22 07:52:57] ✗ 所有代理均失败，下次（5分钟后）重试
[2026-05-22 07:58:00] 检测到 2 个未推送 commit，开始 push...
remote: Permission to chirs0901/rumorcrusher.git denied to chirs0901.
fatal: unable to access 'https://github.com/chirs0901/rumorcrusher.git/': The requested URL returned error: 403
fatal: unable to access 'https://github.com/chirs0901/rumorcrusher.git/': Failed to connect to 127.0.0.1 port 1080 after 0 ms: Couldn't connect to server
remote: Permission to chirs0901/rumorcrusher.git denied to chirs0901.
fatal: unable to access 'https://github.com/chirs0901/rumorcrusher.git/': The requested URL returned error: 403
[2026-05-22 07:58:00] ✗ 所有代理均失败，下次（5分钟后）重试
[2026-05-22 08:03:03] 检测到 2 个未推送 commit，开始 push...
remote: Permission to chirs0901/rumorcrusher.git denied to chirs0901.
fatal: unable to access 'https://github.com/chirs0901/rumorcrusher.git/': The requested URL returned error: 403
fatal: unable to access 'https://github.com/chirs0901/rumorcrusher.git/': Failed to connect to 127.0.0.1 port 1080 after 0 ms: Couldn't connect to server
remote: Permission to chirs0901/rumorcrusher.git denied to chirs0901.
fatal: unable to access 'https://github.com/chirs0901/rumorcrusher.git/': The requested URL returned error: 403
[2026-05-22 08:03:03] ✗ 所有代理均失败，下次（5分钟后）重试
[2026-05-22 08:08:06] 检测到 2 个未推送 commit，开始 push...
remote: Permission to chirs0901/rumorcrusher.git denied to chirs0901.
fatal: unable to access 'https://github.com/chirs0901/rumorcrusher.git/': The requested URL returned error: 403
fatal: unable to access 'https://github.com/chirs0901/rumorcrusher.git/': Failed to connect to 127.0.0.1 port 1080 after 0 ms: Couldn't connect to server
remote: Permission to chirs0901/rumorcrusher.git denied to chirs0901.
fatal: unable to access 'https://github.com/chirs0901/rumorcrusher.git/': The requested URL returned error: 403
[2026-05-22 08:08:06] ✗ 所有代理均失败，下次（5分钟后）重试
[2026-05-22 08:13:09] 检测到 2 个未推送 commit，开始 push...
remote: Permission to chirs0901/rumorcrusher.git denied to chirs0901.
fatal: unable to access 'https://github.com/chirs0901/rumorcrusher.git/': The requested URL returned error: 403
fatal: unable to access 'https://github.com/chirs0901/rumorcrusher.git/': Failed to connect to 127.0.0.1 port 1080 after 0 ms: Couldn't connect to server
remote: Permission to chirs0901/rumorcrusher.git denied to chirs0901.
fatal: unable to access 'https://github.com/chirs0901/rumorcrusher.git/': The requested URL returned error: 403
[2026-05-22 08:13:09] ✗ 所有代理均失败，下次（5分钟后）重试
[2026-05-22 08:19:35] 检测到 2 个未推送 commit，开始 push...
remote: Permission to chirs0901/rumorcrusher.git denied to chirs0901.
fatal: unable to access 'https://github.com/chirs0901/rumorcrusher.git/': The requested URL returned error: 403
fatal: unable to access 'https://github.com/chirs0901/rumorcrusher.git/': Failed to connect to 127.0.0.1 port 1080 after 0 ms: Couldn't connect to server
remote: Permission to chirs0901/rumorcrusher.git denied to chirs0901.
fatal: unable to access 'https://github.com/chirs0901/rumorcrusher.git/': The requested URL returned error: 403
[2026-05-22 08:19:35] ✗ 所有代理均失败，下次（5分钟后）重试
[2026-05-22 08:26:05] 检测到 2 个未推送 commit，开始 push...
remote: Permission to chirs0901/rumorcrusher.git denied to chirs0901.
fatal: unable to access 'https://github.com/chirs0901/rumorcrusher.git/': The requested URL returned error: 403
fatal: unable to access 'https://github.com/chirs0901/rumorcrusher.git/': Failed to connect to 127.0.0.1 port 1080 after 0 ms: Couldn't connect to server
remote: Permission to chirs0901/rumorcrusher.git denied to chirs0901.
fatal: unable to access 'https://github.com/chirs0901/rumorcrusher.git/': The requested URL returned error: 403
[2026-05-22 08:26:05] ✗ 所有代理均失败，下次（5分钟后）重试
[2026-05-22 08:31:08] 检测到 2 个未推送 commit，开始 push...
remote: Permission to chirs0901/rumorcrusher.git denied to chirs0901.
fatal: unable to access 'https://github.com/chirs0901/rumorcrusher.git/': The requested URL returned error: 403
fatal: unable to access 'https://github.com/chirs0901/rumorcrusher.git/': Failed to connect to 127.0.0.1 port 1080 after 0 ms: Couldn't connect to server
remote: Permission to chirs0901/rumorcrusher.git denied to chirs0901.
fatal: unable to access 'https://github.com/chirs0901/rumorcrusher.git/': The requested URL returned error: 403
[2026-05-22 08:31:08] ✗ 所有代理均失败，下次（5分钟后）重试
[2026-05-22 08:36:41] 检测到 2 个未推送 commit，开始 push...
remote: Permission to chirs0901/rumorcrusher.git denied to chirs0901.
fatal: unable to access 'https://github.com/chirs0901/rumorcrusher.git/': The requested URL returned error: 403
fatal: unable to access 'https://github.com/chirs0901/rumorcrusher.git/': Failed to connect to 127.0.0.1 port 1080 after 0 ms: Couldn't connect to server
remote: Permission to chirs0901/rumorcrusher.git denied to chirs0901.
fatal: unable to access 'https://github.com/chirs0901/rumorcrusher.git/': The requested URL returned error: 403
[2026-05-22 08:36:41] ✗ 所有代理均失败，下次（5分钟后）重试
[2026-05-22 08:43:13] 检测到 2 个未推送 commit，开始 push...
remote: Permission to chirs0901/rumorcrusher.git denied to chirs0901.
fatal: unable to access 'https://github.com/chirs0901/rumorcrusher.git/': The requested URL returned error: 403
fatal: unable to access 'https://github.com/chirs0901/rumorcrusher.git/': Failed to connect to 127.0.0.1 port 1080 after 0 ms: Couldn't connect to server
fatal: unable to access 'https://github.com/chirs0901/rumorcrusher.git/': Empty reply from server
[2026-05-22 08:43:13] ✗ 所有代理均失败，下次（5分钟后）重试
[2026-05-22 08:49:46] 检测到 2 个未推送 commit，开始 push...
remote: Permission to chirs0901/rumorcrusher.git denied to chirs0901.
fatal: unable to access 'https://github.com/chirs0901/rumorcrusher.git/': The requested URL returned error: 403
fatal: unable to access 'https://github.com/chirs0901/rumorcrusher.git/': Failed to connect to 127.0.0.1 port 1080 after 0 ms: Couldn't connect to server
remote: Permission to chirs0901/rumorcrusher.git denied to chirs0901.
fatal: unable to access 'https://github.com/chirs0901/rumorcrusher.git/': The requested URL returned error: 403
[2026-05-22 08:49:46] ✗ 所有代理均失败，下次（5分钟后）重试
[2026-05-22 08:54:49] 检测到 2 个未推送 commit，开始 push...
remote: Permission to chirs0901/rumorcrusher.git denied to chirs0901.
fatal: unable to access 'https://github.com/chirs0901/rumorcrusher.git/': The requested URL returned error: 403
fatal: unable to access 'https://github.com/chirs0901/rumorcrusher.git/': Failed to connect to 127.0.0.1 port 1080 after 0 ms: Couldn't connect to server
remote: Permission to chirs0901/rumorcrusher.git denied to chirs0901.
fatal: unable to access 'https://github.com/chirs0901/rumorcrusher.git/': The requested URL returned error: 403
[2026-05-22 08:54:49] ✗ 所有代理均失败，下次（5分钟后）重试
[2026-05-22 08:59:52] 检测到 2 个未推送 commit，开始 push...
remote: Permission to chirs0901/rumorcrusher.git denied to chirs0901.
fatal: unable to access 'https://github.com/chirs0901/rumorcrusher.git/': The requested URL returned error: 403
fatal: unable to access 'https://github.com/chirs0901/rumorcrusher.git/': Failed to connect to 127.0.0.1 port 1080 after 0 ms: Couldn't connect to server
remote: Permission to chirs0901/rumorcrusher.git denied to chirs0901.
fatal: unable to access 'https://github.com/chirs0901/rumorcrusher.git/': The requested URL returned error: 403
[2026-05-22 08:59:52] ✗ 所有代理均失败，下次（5分钟后）重试
[2026-05-22 09:06:24] 检测到 2 个未推送 commit，开始 push...
remote: Permission to chirs0901/rumorcrusher.git denied to chirs0901.
fatal: unable to access 'https://github.com/chirs0901/rumorcrusher.git/': The requested URL returned error: 403
fatal: unable to access 'https://github.com/chirs0901/rumorcrusher.git/': Failed to connect to 127.0.0.1 port 1080 after 0 ms: Couldn't connect to server
remote: Permission to chirs0901/rumorcrusher.git denied to chirs0901.
fatal: unable to access 'https://github.com/chirs0901/rumorcrusher.git/': The requested URL returned error: 403
[2026-05-22 09:06:24] ✗ 所有代理均失败，下次（5分钟后）重试
[2026-05-22 09:12:17] 检测到 2 个未推送 commit，开始 push...
remote: Permission to chirs0901/rumorcrusher.git denied to chirs0901.
fatal: unable to access 'https://github.com/chirs0901/rumorcrusher.git/': The requested URL returned error: 403
fatal: unable to access 'https://github.com/chirs0901/rumorcrusher.git/': Failed to connect to 127.0.0.1 port 1080 after 0 ms: Couldn't connect to server
fatal: unable to access 'https://github.com/chirs0901/rumorcrusher.git/': Empty reply from server
[2026-05-22 09:12:17] ✗ 所有代理均失败，下次（5分钟后）重试
[2026-05-22 09:20:50] 检测到 2 个未推送 commit，开始 push...
remote: Permission to chirs0901/rumorcrusher.git denied to chirs0901.
fatal: unable to access 'https://github.com/chirs0901/rumorcrusher.git/': The requested URL returned error: 403
fatal: unable to access 'https://github.com/chirs0901/rumorcrusher.git/': Failed to connect to 127.0.0.1 port 1080 after 0 ms: Couldn't connect to server
remote: Permission to chirs0901/rumorcrusher.git denied to chirs0901.
fatal: unable to access 'https://github.com/chirs0901/rumorcrusher.git/': The requested URL returned error: 403
[2026-05-22 09:20:50] ✗ 所有代理均失败，下次（5分钟后）重试
[2026-05-22 09:25:53] 检测到 2 个未推送 commit，开始 push...
remote: Permission to chirs0901/rumorcrusher.git denied to chirs0901.
fatal: unable to access 'https://github.com/chirs0901/rumorcrusher.git/': The requested URL returned error: 403
fatal: unable to access 'https://github.com/chirs0901/rumorcrusher.git/': Failed to connect to 127.0.0.1 port 1080 after 0 ms: Couldn't connect to server
remote: Permission to chirs0901/rumorcrusher.git denied to chirs0901.
fatal: unable to access 'https://github.com/chirs0901/rumorcrusher.git/': The requested URL returned error: 403
[2026-05-22 09:25:53] ✗ 所有代理均失败，下次（5分钟后）重试
[2026-05-22 09:32:21] 检测到 2 个未推送 commit，开始 push...
remote: Permission to chirs0901/rumorcrusher.git denied to chirs0901.
fatal: unable to access 'https://github.com/chirs0901/rumorcrusher.git/': The requested URL returned error: 403
fatal: unable to access 'https://github.com/chirs0901/rumorcrusher.git/': Failed to connect to 127.0.0.1 port 1080 after 2 ms: Couldn't connect to server
remote: Permission to chirs0901/rumorcrusher.git denied to chirs0901.
fatal: unable to access 'https://github.com/chirs0901/rumorcrusher.git/': The requested URL returned error: 403
[2026-05-22 09:32:21] ✗ 所有代理均失败，下次（5分钟后）重试
[2026-05-22 09:37:55] 检测到 2 个未推送 commit，开始 push...
remote: Permission to chirs0901/rumorcrusher.git denied to chirs0901.
fatal: unable to access 'https://github.com/chirs0901/rumorcrusher.git/': The requested URL returned error: 403
fatal: unable to access 'https://github.com/chirs0901/rumorcrusher.git/': Failed to connect to 127.0.0.1 port 1080 after 0 ms: Couldn't connect to server
remote: Permission to chirs0901/rumorcrusher.git denied to chirs0901.
fatal: unable to access 'https://github.com/chirs0901/rumorcrusher.git/': The requested URL returned error: 403
[2026-05-22 09:37:55] ✗ 所有代理均失败，下次（5分钟后）重试
[2026-05-22 09:42:58] 检测到 2 个未推送 commit，开始 push...
remote: Permission to chirs0901/rumorcrusher.git denied to chirs0901.
fatal: unable to access 'https://github.com/chirs0901/rumorcrusher.git/': The requested URL returned error: 403
fatal: unable to access 'https://github.com/chirs0901/rumorcrusher.git/': Failed to connect to 127.0.0.1 port 1080 after 0 ms: Couldn't connect to server
remote: Permission to chirs0901/rumorcrusher.git denied to chirs0901.
fatal: unable to access 'https://github.com/chirs0901/rumorcrusher.git/': The requested URL returned error: 403
[2026-05-22 09:42:58] ✗ 所有代理均失败，下次（5分钟后）重试
[2026-05-22 09:48:01] 检测到 2 个未推送 commit，开始 push...
remote: Permission to chirs0901/rumorcrusher.git denied to chirs0901.
fatal: unable to access 'https://github.com/chirs0901/rumorcrusher.git/': The requested URL returned error: 403
fatal: unable to access 'https://github.com/chirs0901/rumorcrusher.git/': Failed to connect to 127.0.0.1 port 1080 after 0 ms: Couldn't connect to server
remote: Permission to chirs0901/rumorcrusher.git denied to chirs0901.
fatal: unable to access 'https://github.com/chirs0901/rumorcrusher.git/': The requested URL returned error: 403
[2026-05-22 09:48:01] ✗ 所有代理均失败，下次（5分钟后）重试
[2026-05-22 09:53:34] 检测到 2 个未推送 commit，开始 push...
remote: Permission to chirs0901/rumorcrusher.git denied to chirs0901.
fatal: unable to access 'https://github.com/chirs0901/rumorcrusher.git/': The requested URL returned error: 403
fatal: unable to access 'https://github.com/chirs0901/rumorcrusher.git/': Failed to connect to 127.0.0.1 port 1080 after 0 ms: Couldn't connect to server
remote: Permission to chirs0901/rumorcrusher.git denied to chirs0901.
fatal: unable to access 'https://github.com/chirs0901/rumorcrusher.git/': The requested URL returned error: 403
[2026-05-22 09:53:34] ✗ 所有代理均失败，下次（5分钟后）重试
[2026-05-22 09:59:27] 检测到 2 个未推送 commit，开始 push...
remote: Permission to chirs0901/rumorcrusher.git denied to chirs0901.
fatal: unable to access 'https://github.com/chirs0901/rumorcrusher.git/': The requested URL returned error: 403
fatal: unable to access 'https://github.com/chirs0901/rumorcrusher.git/': Failed to connect to 127.0.0.1 port 1080 after 0 ms: Couldn't connect to server
remote: Permission to chirs0901/rumorcrusher.git denied to chirs0901.
fatal: unable to access 'https://github.com/chirs0901/rumorcrusher.git/': The requested URL returned error: 403
[2026-05-22 09:59:27] ✗ 所有代理均失败，下次（5分钟后）重试
[2026-05-22 10:04:30] 检测到 2 个未推送 commit，开始 push...
remote: Permission to chirs0901/rumorcrusher.git denied to chirs0901.
fatal: unable to access 'https://github.com/chirs0901/rumorcrusher.git/': The requested URL returned error: 403
fatal: unable to access 'https://github.com/chirs0901/rumorcrusher.git/': Failed to connect to 127.0.0.1 port 1080 after 1 ms: Couldn't connect to server
remote: Permission to chirs0901/rumorcrusher.git denied to chirs0901.
fatal: unable to access 'https://github.com/chirs0901/rumorcrusher.git/': The requested URL returned error: 403
[2026-05-22 10:04:30] ✗ 所有代理均失败，下次（5分钟后）重试
[2026-05-22 10:09:33] 检测到 2 个未推送 commit，开始 push...
remote: Permission to chirs0901/rumorcrusher.git denied to chirs0901.
fatal: unable to access 'https://github.com/chirs0901/rumorcrusher.git/': The requested URL returned error: 403
fatal: unable to access 'https://github.com/chirs0901/rumorcrusher.git/': Failed to connect to 127.0.0.1 port 1080 after 0 ms: Couldn't connect to server
remote: Permission to chirs0901/rumorcrusher.git denied to chirs0901.
fatal: unable to access 'https://github.com/chirs0901/rumorcrusher.git/': The requested URL returned error: 403
[2026-05-22 10:09:33] ✗ 所有代理均失败，下次（5分钟后）重试
[2026-05-22 10:14:36] 检测到 2 个未推送 commit，开始 push...
remote: Permission to chirs0901/rumorcrusher.git denied to chirs0901.
fatal: unable to access 'https://github.com/chirs0901/rumorcrusher.git/': The requested URL returned error: 403
fatal: unable to access 'https://github.com/chirs0901/rumorcrusher.git/': Failed to connect to 127.0.0.1 port 1080 after 0 ms: Couldn't connect to server
remote: Permission to chirs0901/rumorcrusher.git denied to chirs0901.
fatal: unable to access 'https://github.com/chirs0901/rumorcrusher.git/': The requested URL returned error: 403
[2026-05-22 10:14:36] ✗ 所有代理均失败，下次（5分钟后）重试
[2026-05-22 10:19:40] 检测到 2 个未推送 commit，开始 push...
remote: Permission to chirs0901/rumorcrusher.git denied to chirs0901.
fatal: unable to access 'https://github.com/chirs0901/rumorcrusher.git/': The requested URL returned error: 403
fatal: unable to access 'https://github.com/chirs0901/rumorcrusher.git/': Failed to connect to 127.0.0.1 port 1080 after 0 ms: Couldn't connect to server
remote: Permission to chirs0901/rumorcrusher.git denied to chirs0901.
fatal: unable to access 'https://github.com/chirs0901/rumorcrusher.git/': The requested URL returned error: 403
[2026-05-22 10:19:40] ✗ 所有代理均失败，下次（5分钟后）重试
[2026-05-22 10:24:43] 检测到 2 个未推送 commit，开始 push...
remote: Permission to chirs0901/rumorcrusher.git denied to chirs0901.
fatal: unable to access 'https://github.com/chirs0901/rumorcrusher.git/': The requested URL returned error: 403
fatal: unable to access 'https://github.com/chirs0901/rumorcrusher.git/': Failed to connect to 127.0.0.1 port 1080 after 0 ms: Couldn't connect to server
remote: Permission to chirs0901/rumorcrusher.git denied to chirs0901.
fatal: unable to access 'https://github.com/chirs0901/rumorcrusher.git/': The requested URL returned error: 403
[2026-05-22 10:24:43] ✗ 所有代理均失败，下次（5分钟后）重试
[2026-05-22 10:29:47] 检测到 2 个未推送 commit，开始 push...
remote: Permission to chirs0901/rumorcrusher.git denied to chirs0901.
fatal: unable to access 'https://github.com/chirs0901/rumorcrusher.git/': The requested URL returned error: 403
fatal: unable to access 'https://github.com/chirs0901/rumorcrusher.git/': Failed to connect to 127.0.0.1 port 1080 after 0 ms: Couldn't connect to server
remote: Permission to chirs0901/rumorcrusher.git denied to chirs0901.
fatal: unable to access 'https://github.com/chirs0901/rumorcrusher.git/': The requested URL returned error: 403
[2026-05-22 10:29:47] ✗ 所有代理均失败，下次（5分钟后）重试
[2026-05-22 10:34:50] 检测到 2 个未推送 commit，开始 push...
remote: Permission to chirs0901/rumorcrusher.git denied to chirs0901.
fatal: unable to access 'https://github.com/chirs0901/rumorcrusher.git/': The requested URL returned error: 403
fatal: unable to access 'https://github.com/chirs0901/rumorcrusher.git/': Failed to connect to 127.0.0.1 port 1080 after 0 ms: Couldn't connect to server
remote: Permission to chirs0901/rumorcrusher.git denied to chirs0901.
fatal: unable to access 'https://github.com/chirs0901/rumorcrusher.git/': The requested URL returned error: 403
[2026-05-22 10:34:50] ✗ 所有代理均失败，下次（5分钟后）重试
[2026-05-22 10:39:53] 检测到 2 个未推送 commit，开始 push...
remote: Permission to chirs0901/rumorcrusher.git denied to chirs0901.
fatal: unable to access 'https://github.com/chirs0901/rumorcrusher.git/': The requested URL returned error: 403
fatal: unable to access 'https://github.com/chirs0901/rumorcrusher.git/': Failed to connect to 127.0.0.1 port 1080 after 0 ms: Couldn't connect to server
remote: Permission to chirs0901/rumorcrusher.git denied to chirs0901.
fatal: unable to access 'https://github.com/chirs0901/rumorcrusher.git/': The requested URL returned error: 403
[2026-05-22 10:39:53] ✗ 所有代理均失败，下次（5分钟后）重试
[2026-05-22 10:44:56] 检测到 2 个未推送 commit，开始 push...
remote: Permission to chirs0901/rumorcrusher.git denied to chirs0901.
fatal: unable to access 'https://github.com/chirs0901/rumorcrusher.git/': The requested URL returned error: 403
fatal: unable to access 'https://github.com/chirs0901/rumorcrusher.git/': Failed to connect to 127.0.0.1 port 1080 after 0 ms: Couldn't connect to server
remote: Permission to chirs0901/rumorcrusher.git denied to chirs0901.
fatal: unable to access 'https://github.com/chirs0901/rumorcrusher.git/': The requested URL returned error: 403
[2026-05-22 10:44:56] ✗ 所有代理均失败，下次（5分钟后）重试
[2026-05-22 10:50:00] 检测到 2 个未推送 commit，开始 push...
remote: Permission to chirs0901/rumorcrusher.git denied to chirs0901.
fatal: unable to access 'https://github.com/chirs0901/rumorcrusher.git/': The requested URL returned error: 403
fatal: unable to access 'https://github.com/chirs0901/rumorcrusher.git/': Failed to connect to 127.0.0.1 port 1080 after 0 ms: Couldn't connect to server
remote: Permission to chirs0901/rumorcrusher.git denied to chirs0901.
fatal: unable to access 'https://github.com/chirs0901/rumorcrusher.git/': The requested URL returned error: 403
[2026-05-22 10:50:00] ✗ 所有代理均失败，下次（5分钟后）重试
[2026-05-22 10:55:03] 检测到 2 个未推送 commit，开始 push...
remote: Permission to chirs0901/rumorcrusher.git denied to chirs0901.
fatal: unable to access 'https://github.com/chirs0901/rumorcrusher.git/': The requested URL returned error: 403
fatal: unable to access 'https://github.com/chirs0901/rumorcrusher.git/': Failed to connect to 127.0.0.1 port 1080 after 0 ms: Couldn't connect to server
remote: Permission to chirs0901/rumorcrusher.git denied to chirs0901.
fatal: unable to access 'https://github.com/chirs0901/rumorcrusher.git/': The requested URL returned error: 403
[2026-05-22 10:55:03] ✗ 所有代理均失败，下次（5分钟后）重试
[2026-05-22 11:00:07] 检测到 2 个未推送 commit，开始 push...
remote: Permission to chirs0901/rumorcrusher.git denied to chirs0901.
fatal: unable to access 'https://github.com/chirs0901/rumorcrusher.git/': The requested URL returned error: 403
fatal: unable to access 'https://github.com/chirs0901/rumorcrusher.git/': Failed to connect to 127.0.0.1 port 1080 after 0 ms: Couldn't connect to server
remote: Permission to chirs0901/rumorcrusher.git denied to chirs0901.
fatal: unable to access 'https://github.com/chirs0901/rumorcrusher.git/': The requested URL returned error: 403
[2026-05-22 11:00:07] ✗ 所有代理均失败，下次（5分钟后）重试
[2026-05-22 11:05:10] 检测到 2 个未推送 commit，开始 push...
remote: Permission to chirs0901/rumorcrusher.git denied to chirs0901.
fatal: unable to access 'https://github.com/chirs0901/rumorcrusher.git/': The requested URL returned error: 403
fatal: unable to access 'https://github.com/chirs0901/rumorcrusher.git/': Failed to connect to 127.0.0.1 port 1080 after 0 ms: Couldn't connect to server
remote: Permission to chirs0901/rumorcrusher.git denied to chirs0901.
fatal: unable to access 'https://github.com/chirs0901/rumorcrusher.git/': The requested URL returned error: 403
[2026-05-22 11:05:10] ✗ 所有代理均失败，下次（5分钟后）重试
[2026-05-22 11:10:13] 检测到 2 个未推送 commit，开始 push...
remote: Permission to chirs0901/rumorcrusher.git denied to chirs0901.
fatal: unable to access 'https://github.com/chirs0901/rumorcrusher.git/': The requested URL returned error: 403
fatal: unable to access 'https://github.com/chirs0901/rumorcrusher.git/': Failed to connect to 127.0.0.1 port 1080 after 0 ms: Couldn't connect to server
remote: Permission to chirs0901/rumorcrusher.git denied to chirs0901.
fatal: unable to access 'https://github.com/chirs0901/rumorcrusher.git/': The requested URL returned error: 403
[2026-05-22 11:10:13] ✗ 所有代理均失败，下次（5分钟后）重试
[2026-05-22 11:15:17] 检测到 2 个未推送 commit，开始 push...
remote: Permission to chirs0901/rumorcrusher.git denied to chirs0901.
fatal: unable to access 'https://github.com/chirs0901/rumorcrusher.git/': The requested URL returned error: 403
fatal: unable to access 'https://github.com/chirs0901/rumorcrusher.git/': Failed to connect to 127.0.0.1 port 1080 after 0 ms: Couldn't connect to server
remote: Permission to chirs0901/rumorcrusher.git denied to chirs0901.
fatal: unable to access 'https://github.com/chirs0901/rumorcrusher.git/': The requested URL returned error: 403
[2026-05-22 11:15:17] ✗ 所有代理均失败，下次（5分钟后）重试
[2026-05-22 11:20:21] 检测到 2 个未推送 commit，开始 push...
remote: Permission to chirs0901/rumorcrusher.git denied to chirs0901.
fatal: unable to access 'https://github.com/chirs0901/rumorcrusher.git/': The requested URL returned error: 403
fatal: unable to access 'https://github.com/chirs0901/rumorcrusher.git/': Failed to connect to 127.0.0.1 port 1080 after 0 ms: Couldn't connect to server
remote: Permission to chirs0901/rumorcrusher.git denied to chirs0901.
fatal: unable to access 'https://github.com/chirs0901/rumorcrusher.git/': The requested URL returned error: 403
[2026-05-22 11:20:21] ✗ 所有代理均失败，下次（5分钟后）重试
[2026-05-22 11:25:24] 检测到 2 个未推送 commit，开始 push...
remote: Permission to chirs0901/rumorcrusher.git denied to chirs0901.
fatal: unable to access 'https://github.com/chirs0901/rumorcrusher.git/': The requested URL returned error: 403
fatal: unable to access 'https://github.com/chirs0901/rumorcrusher.git/': Failed to connect to 127.0.0.1 port 1080 after 0 ms: Couldn't connect to server
remote: Permission to chirs0901/rumorcrusher.git denied to chirs0901.
fatal: unable to access 'https://github.com/chirs0901/rumorcrusher.git/': The requested URL returned error: 403
[2026-05-22 11:25:24] ✗ 所有代理均失败，下次（5分钟后）重试
[2026-05-22 11:31:17] 检测到 2 个未推送 commit，开始 push...
remote: Permission to chirs0901/rumorcrusher.git denied to chirs0901.
fatal: unable to access 'https://github.com/chirs0901/rumorcrusher.git/': The requested URL returned error: 403
fatal: unable to access 'https://github.com/chirs0901/rumorcrusher.git/': Failed to connect to 127.0.0.1 port 1080 after 0 ms: Couldn't connect to server
remote: Permission to chirs0901/rumorcrusher.git denied to chirs0901.
fatal: unable to access 'https://github.com/chirs0901/rumorcrusher.git/': The requested URL returned error: 403
[2026-05-22 11:31:17] ✗ 所有代理均失败，下次（5分钟后）重试
[2026-05-22 11:36:20] 检测到 2 个未推送 commit，开始 push...
remote: Permission to chirs0901/rumorcrusher.git denied to chirs0901.
fatal: unable to access 'https://github.com/chirs0901/rumorcrusher.git/': The requested URL returned error: 403
fatal: unable to access 'https://github.com/chirs0901/rumorcrusher.git/': Failed to connect to 127.0.0.1 port 1080 after 0 ms: Couldn't connect to server
remote: Permission to chirs0901/rumorcrusher.git denied to chirs0901.
fatal: unable to access 'https://github.com/chirs0901/rumorcrusher.git/': The requested URL returned error: 403
[2026-05-22 11:36:20] ✗ 所有代理均失败，下次（5分钟后）重试
[2026-05-22 11:41:23] 检测到 2 个未推送 commit，开始 push...
remote: Permission to chirs0901/rumorcrusher.git denied to chirs0901.
fatal: unable to access 'https://github.com/chirs0901/rumorcrusher.git/': The requested URL returned error: 403
fatal: unable to access 'https://github.com/chirs0901/rumorcrusher.git/': Failed to connect to 127.0.0.1 port 1080 after 0 ms: Couldn't connect to server
fatal: unable to access 'https://github.com/chirs0901/rumorcrusher.git/': Recv failure: Operation timed out
[2026-05-22 11:41:23] ✗ 所有代理均失败，下次（5分钟后）重试
[2026-05-22 11:48:55] 检测到 2 个未推送 commit，开始 push...
remote: Permission to chirs0901/rumorcrusher.git denied to chirs0901.
fatal: unable to access 'https://github.com/chirs0901/rumorcrusher.git/': The requested URL returned error: 403
fatal: unable to access 'https://github.com/chirs0901/rumorcrusher.git/': Failed to connect to 127.0.0.1 port 1080 after 0 ms: Couldn't connect to server
remote: Permission to chirs0901/rumorcrusher.git denied to chirs0901.
fatal: unable to access 'https://github.com/chirs0901/rumorcrusher.git/': The requested URL returned error: 403
[2026-05-22 11:48:55] ✗ 所有代理均失败，下次（5分钟后）重试
[2026-05-22 11:53:58] 检测到 2 个未推送 commit，开始 push...
remote: Permission to chirs0901/rumorcrusher.git denied to chirs0901.
fatal: unable to access 'https://github.com/chirs0901/rumorcrusher.git/': The requested URL returned error: 403
fatal: unable to access 'https://github.com/chirs0901/rumorcrusher.git/': Failed to connect to 127.0.0.1 port 1080 after 0 ms: Couldn't connect to server
remote: Permission to chirs0901/rumorcrusher.git denied to chirs0901.
fatal: unable to access 'https://github.com/chirs0901/rumorcrusher.git/': The requested URL returned error: 403
[2026-05-22 11:53:58] ✗ 所有代理均失败，下次（5分钟后）重试
[2026-05-22 11:59:51] 检测到 2 个未推送 commit，开始 push...
remote: Permission to chirs0901/rumorcrusher.git denied to chirs0901.
fatal: unable to access 'https://github.com/chirs0901/rumorcrusher.git/': The requested URL returned error: 403
fatal: unable to access 'https://github.com/chirs0901/rumorcrusher.git/': Failed to connect to 127.0.0.1 port 1080 after 0 ms: Couldn't connect to server
remote: Permission to chirs0901/rumorcrusher.git denied to chirs0901.
fatal: unable to access 'https://github.com/chirs0901/rumorcrusher.git/': The requested URL returned error: 403
[2026-05-22 11:59:51] ✗ 所有代理均失败，下次（5分钟后）重试
[2026-05-22 12:05:14] 检测到 2 个未推送 commit，开始 push...
remote: Permission to chirs0901/rumorcrusher.git denied to chirs0901.
fatal: unable to access 'https://github.com/chirs0901/rumorcrusher.git/': The requested URL returned error: 403
fatal: unable to access 'https://github.com/chirs0901/rumorcrusher.git/': Failed to connect to 127.0.0.1 port 1080 after 0 ms: Couldn't connect to server
remote: Permission to chirs0901/rumorcrusher.git denied to chirs0901.
fatal: unable to access 'https://github.com/chirs0901/rumorcrusher.git/': The requested URL returned error: 403
[2026-05-22 12:05:14] ✗ 所有代理均失败，下次（5分钟后）重试
[2026-05-22 12:10:17] 检测到 2 个未推送 commit，开始 push...
remote: Permission to chirs0901/rumorcrusher.git denied to chirs0901.
fatal: unable to access 'https://github.com/chirs0901/rumorcrusher.git/': The requested URL returned error: 403
fatal: unable to access 'https://github.com/chirs0901/rumorcrusher.git/': Failed to connect to 127.0.0.1 port 1080 after 0 ms: Couldn't connect to server
remote: Permission to chirs0901/rumorcrusher.git denied to chirs0901.
fatal: unable to access 'https://github.com/chirs0901/rumorcrusher.git/': The requested URL returned error: 403
[2026-05-22 12:10:17] ✗ 所有代理均失败，下次（5分钟后）重试
[2026-05-22 12:15:20] 检测到 2 个未推送 commit，开始 push...
remote: Permission to chirs0901/rumorcrusher.git denied to chirs0901.
fatal: unable to access 'https://github.com/chirs0901/rumorcrusher.git/': The requested URL returned error: 403
fatal: unable to access 'https://github.com/chirs0901/rumorcrusher.git/': Failed to connect to 127.0.0.1 port 1080 after 0 ms: Couldn't connect to server
remote: Permission to chirs0901/rumorcrusher.git denied to chirs0901.
fatal: unable to access 'https://github.com/chirs0901/rumorcrusher.git/': The requested URL returned error: 403
[2026-05-22 12:15:20] ✗ 所有代理均失败，下次（5分钟后）重试
[2026-05-22 12:20:24] 检测到 2 个未推送 commit，开始 push...
remote: Permission to chirs0901/rumorcrusher.git denied to chirs0901.
fatal: unable to access 'https://github.com/chirs0901/rumorcrusher.git/': The requested URL returned error: 403
fatal: unable to access 'https://github.com/chirs0901/rumorcrusher.git/': Failed to connect to 127.0.0.1 port 1080 after 0 ms: Couldn't connect to server
remote: Permission to chirs0901/rumorcrusher.git denied to chirs0901.
fatal: unable to access 'https://github.com/chirs0901/rumorcrusher.git/': The requested URL returned error: 403
[2026-05-22 12:20:24] ✗ 所有代理均失败，下次（5分钟后）重试
[2026-05-22 12:25:27] 检测到 2 个未推送 commit，开始 push...
remote: Permission to chirs0901/rumorcrusher.git denied to chirs0901.
fatal: unable to access 'https://github.com/chirs0901/rumorcrusher.git/': The requested URL returned error: 403
fatal: unable to access 'https://github.com/chirs0901/rumorcrusher.git/': Failed to connect to 127.0.0.1 port 1080 after 0 ms: Couldn't connect to server
remote: Permission to chirs0901/rumorcrusher.git denied to chirs0901.
fatal: unable to access 'https://github.com/chirs0901/rumorcrusher.git/': The requested URL returned error: 403
[2026-05-22 12:25:27] ✗ 所有代理均失败，下次（5分钟后）重试
[2026-05-22 12:30:31] 检测到 2 个未推送 commit，开始 push...
remote: Permission to chirs0901/rumorcrusher.git denied to chirs0901.
fatal: unable to access 'https://github.com/chirs0901/rumorcrusher.git/': The requested URL returned error: 403
fatal: unable to access 'https://github.com/chirs0901/rumorcrusher.git/': Failed to connect to 127.0.0.1 port 1080 after 0 ms: Couldn't connect to server
remote: Permission to chirs0901/rumorcrusher.git denied to chirs0901.
fatal: unable to access 'https://github.com/chirs0901/rumorcrusher.git/': The requested URL returned error: 403
[2026-05-22 12:30:31] ✗ 所有代理均失败，下次（5分钟后）重试
[2026-05-22 12:35:34] 检测到 2 个未推送 commit，开始 push...
remote: Permission to chirs0901/rumorcrusher.git denied to chirs0901.
fatal: unable to access 'https://github.com/chirs0901/rumorcrusher.git/': The requested URL returned error: 403
fatal: unable to access 'https://github.com/chirs0901/rumorcrusher.git/': Failed to connect to 127.0.0.1 port 1080 after 0 ms: Couldn't connect to server
remote: Permission to chirs0901/rumorcrusher.git denied to chirs0901.
fatal: unable to access 'https://github.com/chirs0901/rumorcrusher.git/': The requested URL returned error: 403
[2026-05-22 12:35:34] ✗ 所有代理均失败，下次（5分钟后）重试
[2026-05-22 12:40:38] 检测到 2 个未推送 commit，开始 push...
remote: Permission to chirs0901/rumorcrusher.git denied to chirs0901.
fatal: unable to access 'https://github.com/chirs0901/rumorcrusher.git/': The requested URL returned error: 403
fatal: unable to access 'https://github.com/chirs0901/rumorcrusher.git/': Failed to connect to 127.0.0.1 port 1080 after 0 ms: Couldn't connect to server
remote: Permission to chirs0901/rumorcrusher.git denied to chirs0901.
fatal: unable to access 'https://github.com/chirs0901/rumorcrusher.git/': The requested URL returned error: 403
[2026-05-22 12:40:38] ✗ 所有代理均失败，下次（5分钟后）重试
[2026-05-22 12:45:41] 检测到 2 个未推送 commit，开始 push...
remote: Permission to chirs0901/rumorcrusher.git denied to chirs0901.
fatal: unable to access 'https://github.com/chirs0901/rumorcrusher.git/': The requested URL returned error: 403
fatal: unable to access 'https://github.com/chirs0901/rumorcrusher.git/': Failed to connect to 127.0.0.1 port 1080 after 0 ms: Couldn't connect to server
remote: Permission to chirs0901/rumorcrusher.git denied to chirs0901.
fatal: unable to access 'https://github.com/chirs0901/rumorcrusher.git/': The requested URL returned error: 403
[2026-05-22 12:45:41] ✗ 所有代理均失败，下次（5分钟后）重试
[2026-05-22 12:51:34] 检测到 2 个未推送 commit，开始 push...
remote: Permission to chirs0901/rumorcrusher.git denied to chirs0901.
fatal: unable to access 'https://github.com/chirs0901/rumorcrusher.git/': The requested URL returned error: 403
fatal: unable to access 'https://github.com/chirs0901/rumorcrusher.git/': Failed to connect to 127.0.0.1 port 1080 after 0 ms: Couldn't connect to server
remote: Permission to chirs0901/rumorcrusher.git denied to chirs0901.
fatal: unable to access 'https://github.com/chirs0901/rumorcrusher.git/': The requested URL returned error: 403
[2026-05-22 12:51:34] ✗ 所有代理均失败，下次（5分钟后）重试
[2026-05-22 12:58:07] 检测到 2 个未推送 commit，开始 push...
remote: Permission to chirs0901/rumorcrusher.git denied to chirs0901.
fatal: unable to access 'https://github.com/chirs0901/rumorcrusher.git/': The requested URL returned error: 403
fatal: unable to access 'https://github.com/chirs0901/rumorcrusher.git/': Failed to connect to 127.0.0.1 port 1080 after 0 ms: Couldn't connect to server
remote: Permission to chirs0901/rumorcrusher.git denied to chirs0901.
fatal: unable to access 'https://github.com/chirs0901/rumorcrusher.git/': The requested URL returned error: 403
[2026-05-22 12:58:07] ✗ 所有代理均失败，下次（5分钟后）重试
[2026-05-22 13:04:16] 检测到 2 个未推送 commit，开始 push...
remote: Permission to chirs0901/rumorcrusher.git denied to chirs0901.
fatal: unable to access 'https://github.com/chirs0901/rumorcrusher.git/': The requested URL returned error: 403
fatal: unable to access 'https://github.com/chirs0901/rumorcrusher.git/': Failed to connect to 127.0.0.1 port 1080 after 0 ms: Couldn't connect to server
remote: Permission to chirs0901/rumorcrusher.git denied to chirs0901.
fatal: unable to access 'https://github.com/chirs0901/rumorcrusher.git/': The requested URL returned error: 403
[2026-05-22 13:04:16] ✗ 所有代理均失败，下次（5分钟后）重试
[2026-05-22 13:09:20] 检测到 2 个未推送 commit，开始 push...
remote: Permission to chirs0901/rumorcrusher.git denied to chirs0901.
fatal: unable to access 'https://github.com/chirs0901/rumorcrusher.git/': The requested URL returned error: 403
fatal: unable to access 'https://github.com/chirs0901/rumorcrusher.git/': Failed to connect to 127.0.0.1 port 1080 after 0 ms: Couldn't connect to server
remote: Permission to chirs0901/rumorcrusher.git denied to chirs0901.
fatal: unable to access 'https://github.com/chirs0901/rumorcrusher.git/': The requested URL returned error: 403
[2026-05-22 13:09:20] ✗ 所有代理均失败，下次（5分钟后）重试
[2026-05-22 13:15:52] 检测到 2 个未推送 commit，开始 push...
remote: Permission to chirs0901/rumorcrusher.git denied to chirs0901.
fatal: unable to access 'https://github.com/chirs0901/rumorcrusher.git/': The requested URL returned error: 403
fatal: unable to access 'https://github.com/chirs0901/rumorcrusher.git/': Failed to connect to 127.0.0.1 port 1080 after 0 ms: Couldn't connect to server
fatal: unable to access 'https://github.com/chirs0901/rumorcrusher.git/': Recv failure: Operation timed out
[2026-05-22 13:15:52] ✗ 所有代理均失败，下次（5分钟后）重试
[2026-05-22 13:22:32] 检测到 2 个未推送 commit，开始 push...
remote: Permission to chirs0901/rumorcrusher.git denied to chirs0901.
fatal: unable to access 'https://github.com/chirs0901/rumorcrusher.git/': The requested URL returned error: 403
fatal: unable to access 'https://github.com/chirs0901/rumorcrusher.git/': Failed to connect to 127.0.0.1 port 1080 after 0 ms: Couldn't connect to server
remote: Permission to chirs0901/rumorcrusher.git denied to chirs0901.
fatal: unable to access 'https://github.com/chirs0901/rumorcrusher.git/': The requested URL returned error: 403
[2026-05-22 13:22:32] ✗ 所有代理均失败，下次（5分钟后）重试
[2026-05-22 13:27:35] 检测到 2 个未推送 commit，开始 push...
remote: Permission to chirs0901/rumorcrusher.git denied to chirs0901.
fatal: unable to access 'https://github.com/chirs0901/rumorcrusher.git/': The requested URL returned error: 403
fatal: unable to access 'https://github.com/chirs0901/rumorcrusher.git/': Failed to connect to 127.0.0.1 port 1080 after 0 ms: Couldn't connect to server
remote: Permission to chirs0901/rumorcrusher.git denied to chirs0901.
fatal: unable to access 'https://github.com/chirs0901/rumorcrusher.git/': The requested URL returned error: 403
[2026-05-22 13:27:35] ✗ 所有代理均失败，下次（5分钟后）重试
[2026-05-22 13:32:40] 检测到 2 个未推送 commit，开始 push...
remote: Permission to chirs0901/rumorcrusher.git denied to chirs0901.
fatal: unable to access 'https://github.com/chirs0901/rumorcrusher.git/': The requested URL returned error: 403
fatal: unable to access 'https://github.com/chirs0901/rumorcrusher.git/': Failed to connect to 127.0.0.1 port 1080 after 0 ms: Couldn't connect to server
remote: Permission to chirs0901/rumorcrusher.git denied to chirs0901.
fatal: unable to access 'https://github.com/chirs0901/rumorcrusher.git/': The requested URL returned error: 403
[2026-05-22 13:32:40] ✗ 所有代理均失败，下次（5分钟后）重试
[2026-05-22 13:38:14] 检测到 2 个未推送 commit，开始 push...
remote: Permission to chirs0901/rumorcrusher.git denied to chirs0901.
fatal: unable to access 'https://github.com/chirs0901/rumorcrusher.git/': The requested URL returned error: 403
fatal: unable to access 'https://github.com/chirs0901/rumorcrusher.git/': Failed to connect to 127.0.0.1 port 1080 after 0 ms: Couldn't connect to server
remote: Permission to chirs0901/rumorcrusher.git denied to chirs0901.
fatal: unable to access 'https://github.com/chirs0901/rumorcrusher.git/': The requested URL returned error: 403
[2026-05-22 13:38:14] ✗ 所有代理均失败，下次（5分钟后）重试
[2026-05-22 13:43:19] 检测到 2 个未推送 commit，开始 push...
remote: Permission to chirs0901/rumorcrusher.git denied to chirs0901.
fatal: unable to access 'https://github.com/chirs0901/rumorcrusher.git/': The requested URL returned error: 403
fatal: unable to access 'https://github.com/chirs0901/rumorcrusher.git/': Failed to connect to 127.0.0.1 port 1080 after 0 ms: Couldn't connect to server
remote: Permission to chirs0901/rumorcrusher.git denied to chirs0901.
fatal: unable to access 'https://github.com/chirs0901/rumorcrusher.git/': The requested URL returned error: 403
[2026-05-22 13:43:19] ✗ 所有代理均失败，下次（5分钟后）重试
[2026-05-22 13:48:23] 检测到 2 个未推送 commit，开始 push...
remote: Permission to chirs0901/rumorcrusher.git denied to chirs0901.
fatal: unable to access 'https://github.com/chirs0901/rumorcrusher.git/': The requested URL returned error: 403
fatal: unable to access 'https://github.com/chirs0901/rumorcrusher.git/': Failed to connect to 127.0.0.1 port 1080 after 0 ms: Couldn't connect to server
fatal: unable to access 'https://github.com/chirs0901/rumorcrusher.git/': Empty reply from server
[2026-05-22 13:48:23] ✗ 所有代理均失败，下次（5分钟后）重试
[2026-05-22 13:54:56] 检测到 2 个未推送 commit，开始 push...
remote: Permission to chirs0901/rumorcrusher.git denied to chirs0901.
fatal: unable to access 'https://github.com/chirs0901/rumorcrusher.git/': The requested URL returned error: 403
fatal: unable to access 'https://github.com/chirs0901/rumorcrusher.git/': Failed to connect to 127.0.0.1 port 1080 after 0 ms: Couldn't connect to server
remote: Permission to chirs0901/rumorcrusher.git denied to chirs0901.
fatal: unable to access 'https://github.com/chirs0901/rumorcrusher.git/': The requested URL returned error: 403
[2026-05-22 13:54:56] ✗ 所有代理均失败，下次（5分钟后）重试
[2026-05-22 13:59:59] 检测到 2 个未推送 commit，开始 push...
remote: Permission to chirs0901/rumorcrusher.git denied to chirs0901.
fatal: unable to access 'https://github.com/chirs0901/rumorcrusher.git/': The requested URL returned error: 403
fatal: unable to access 'https://github.com/chirs0901/rumorcrusher.git/': Failed to connect to 127.0.0.1 port 1080 after 0 ms: Couldn't connect to server
remote: Permission to chirs0901/rumorcrusher.git denied to chirs0901.
fatal: unable to access 'https://github.com/chirs0901/rumorcrusher.git/': The requested URL returned error: 403
[2026-05-22 13:59:59] ✗ 所有代理均失败，下次（5分钟后）重试
[2026-05-22 14:05:04] 检测到 2 个未推送 commit，开始 push...
remote: Permission to chirs0901/rumorcrusher.git denied to chirs0901.
fatal: unable to access 'https://github.com/chirs0901/rumorcrusher.git/': The requested URL returned error: 403
fatal: unable to access 'https://github.com/chirs0901/rumorcrusher.git/': Failed to connect to 127.0.0.1 port 1080 after 0 ms: Couldn't connect to server
remote: Permission to chirs0901/rumorcrusher.git denied to chirs0901.
fatal: unable to access 'https://github.com/chirs0901/rumorcrusher.git/': The requested URL returned error: 403
[2026-05-22 14:05:04] ✗ 所有代理均失败，下次（5分钟后）重试
[2026-05-22 14:10:07] 检测到 2 个未推送 commit，开始 push...
remote: Permission to chirs0901/rumorcrusher.git denied to chirs0901.
fatal: unable to access 'https://github.com/chirs0901/rumorcrusher.git/': The requested URL returned error: 403
fatal: unable to access 'https://github.com/chirs0901/rumorcrusher.git/': Failed to connect to 127.0.0.1 port 1080 after 0 ms: Couldn't connect to server
remote: Permission to chirs0901/rumorcrusher.git denied to chirs0901.
fatal: unable to access 'https://github.com/chirs0901/rumorcrusher.git/': The requested URL returned error: 403
[2026-05-22 14:10:07] ✗ 所有代理均失败，下次（5分钟后）重试
[2026-05-22 14:15:12] 检测到 2 个未推送 commit，开始 push...
remote: Permission to chirs0901/rumorcrusher.git denied to chirs0901.
fatal: unable to access 'https://github.com/chirs0901/rumorcrusher.git/': The requested URL returned error: 403
fatal: unable to access 'https://github.com/chirs0901/rumorcrusher.git/': Failed to connect to 127.0.0.1 port 1080 after 0 ms: Couldn't connect to server
remote: Permission to chirs0901/rumorcrusher.git denied to chirs0901.
fatal: unable to access 'https://github.com/chirs0901/rumorcrusher.git/': The requested URL returned error: 403
[2026-05-22 14:15:12] ✗ 所有代理均失败，下次（5分钟后）重试
[2026-05-22 14:20:15] 检测到 2 个未推送 commit，开始 push...
remote: Permission to chirs0901/rumorcrusher.git denied to chirs0901.
fatal: unable to access 'https://github.com/chirs0901/rumorcrusher.git/': The requested URL returned error: 403
fatal: unable to access 'https://github.com/chirs0901/rumorcrusher.git/': Failed to connect to 127.0.0.1 port 1080 after 0 ms: Couldn't connect to server
fatal: unable to access 'https://github.com/chirs0901/rumorcrusher.git/': Recv failure: Operation timed out
[2026-05-22 14:20:15] ✗ 所有代理均失败，下次（5分钟后）重试
[2026-05-22 14:26:47] 检测到 2 个未推送 commit，开始 push...
remote: Permission to chirs0901/rumorcrusher.git denied to chirs0901.
fatal: unable to access 'https://github.com/chirs0901/rumorcrusher.git/': The requested URL returned error: 403
fatal: unable to access 'https://github.com/chirs0901/rumorcrusher.git/': Failed to connect to 127.0.0.1 port 1080 after 0 ms: Couldn't connect to server
fatal: unable to access 'https://github.com/chirs0901/rumorcrusher.git/': Empty reply from server
[2026-05-22 14:26:47] ✗ 所有代理均失败，下次（5分钟后）重试
[2026-05-22 14:33:20] 检测到 2 个未推送 commit，开始 push...
remote: Permission to chirs0901/rumorcrusher.git denied to chirs0901.
fatal: unable to access 'https://github.com/chirs0901/rumorcrusher.git/': The requested URL returned error: 403
fatal: unable to access 'https://github.com/chirs0901/rumorcrusher.git/': Failed to connect to 127.0.0.1 port 1080 after 0 ms: Couldn't connect to server
remote: Permission to chirs0901/rumorcrusher.git denied to chirs0901.
fatal: unable to access 'https://github.com/chirs0901/rumorcrusher.git/': The requested URL returned error: 403
[2026-05-22 14:33:20] ✗ 所有代理均失败，下次（5分钟后）重试
[2026-05-22 14:38:55] 检测到 2 个未推送 commit，开始 push...
remote: Permission to chirs0901/rumorcrusher.git denied to chirs0901.
fatal: unable to access 'https://github.com/chirs0901/rumorcrusher.git/': The requested URL returned error: 403
fatal: unable to access 'https://github.com/chirs0901/rumorcrusher.git/': Failed to connect to 127.0.0.1 port 1080 after 0 ms: Couldn't connect to server
remote: Permission to chirs0901/rumorcrusher.git denied to chirs0901.
fatal: unable to access 'https://github.com/chirs0901/rumorcrusher.git/': The requested URL returned error: 403
[2026-05-22 14:38:55] ✗ 所有代理均失败，下次（5分钟后）重试
[2026-05-22 14:43:59] 检测到 2 个未推送 commit，开始 push...
remote: Permission to chirs0901/rumorcrusher.git denied to chirs0901.
fatal: unable to access 'https://github.com/chirs0901/rumorcrusher.git/': The requested URL returned error: 403
fatal: unable to access 'https://github.com/chirs0901/rumorcrusher.git/': Failed to connect to 127.0.0.1 port 1080 after 0 ms: Couldn't connect to server
remote: Permission to chirs0901/rumorcrusher.git denied to chirs0901.
fatal: unable to access 'https://github.com/chirs0901/rumorcrusher.git/': The requested URL returned error: 403
[2026-05-22 14:43:59] ✗ 所有代理均失败，下次（5分钟后）重试
[2026-05-22 14:49:32] 检测到 2 个未推送 commit，开始 push...
remote: Permission to chirs0901/rumorcrusher.git denied to chirs0901.
fatal: unable to access 'https://github.com/chirs0901/rumorcrusher.git/': The requested URL returned error: 403
fatal: unable to access 'https://github.com/chirs0901/rumorcrusher.git/': Failed to connect to 127.0.0.1 port 1080 after 0 ms: Couldn't connect to server
remote: Permission to chirs0901/rumorcrusher.git denied to chirs0901.
fatal: unable to access 'https://github.com/chirs0901/rumorcrusher.git/': The requested URL returned error: 403
[2026-05-22 14:49:32] ✗ 所有代理均失败，下次（5分钟后）重试
[2026-05-22 14:54:38] 检测到 2 个未推送 commit，开始 push...
remote: Permission to chirs0901/rumorcrusher.git denied to chirs0901.
fatal: unable to access 'https://github.com/chirs0901/rumorcrusher.git/': The requested URL returned error: 403
fatal: unable to access 'https://github.com/chirs0901/rumorcrusher.git/': Failed to connect to 127.0.0.1 port 1080 after 0 ms: Couldn't connect to server
remote: Permission to chirs0901/rumorcrusher.git denied to chirs0901.
fatal: unable to access 'https://github.com/chirs0901/rumorcrusher.git/': The requested URL returned error: 403
[2026-05-22 14:54:38] ✗ 所有代理均失败，下次（5分钟后）重试
[2026-05-22 15:00:11] 检测到 2 个未推送 commit，开始 push...
remote: Permission to chirs0901/rumorcrusher.git denied to chirs0901.
fatal: unable to access 'https://github.com/chirs0901/rumorcrusher.git/': The requested URL returned error: 403
fatal: unable to access 'https://github.com/chirs0901/rumorcrusher.git/': Failed to connect to 127.0.0.1 port 1080 after 0 ms: Couldn't connect to server
remote: Permission to chirs0901/rumorcrusher.git denied to chirs0901.
fatal: unable to access 'https://github.com/chirs0901/rumorcrusher.git/': The requested URL returned error: 403
[2026-05-22 15:00:11] ✗ 所有代理均失败，下次（5分钟后）重试
[2026-05-22 15:05:16] 检测到 2 个未推送 commit，开始 push...
remote: Permission to chirs0901/rumorcrusher.git denied to chirs0901.
fatal: unable to access 'https://github.com/chirs0901/rumorcrusher.git/': The requested URL returned error: 403
fatal: unable to access 'https://github.com/chirs0901/rumorcrusher.git/': Failed to connect to 127.0.0.1 port 1080 after 0 ms: Couldn't connect to server
remote: Permission to chirs0901/rumorcrusher.git denied to chirs0901.
fatal: unable to access 'https://github.com/chirs0901/rumorcrusher.git/': The requested URL returned error: 403
[2026-05-22 15:05:16] ✗ 所有代理均失败，下次（5分钟后）重试
[2026-05-22 15:12:08] 检测到 2 个未推送 commit，开始 push...
remote: Permission to chirs0901/rumorcrusher.git denied to chirs0901.
fatal: unable to access 'https://github.com/chirs0901/rumorcrusher.git/': The requested URL returned error: 403
fatal: unable to access 'https://github.com/chirs0901/rumorcrusher.git/': Failed to connect to 127.0.0.1 port 1080 after 0 ms: Couldn't connect to server
remote: Permission to chirs0901/rumorcrusher.git denied to chirs0901.
fatal: unable to access 'https://github.com/chirs0901/rumorcrusher.git/': The requested URL returned error: 403
[2026-05-22 15:12:08] ✗ 所有代理均失败，下次（5分钟后）重试
[2026-05-22 15:18:40] 检测到 2 个未推送 commit，开始 push...
remote: Permission to chirs0901/rumorcrusher.git denied to chirs0901.
fatal: unable to access 'https://github.com/chirs0901/rumorcrusher.git/': The requested URL returned error: 403
fatal: unable to access 'https://github.com/chirs0901/rumorcrusher.git/': Failed to connect to 127.0.0.1 port 1080 after 0 ms: Couldn't connect to server
remote: Permission to chirs0901/rumorcrusher.git denied to chirs0901.
fatal: unable to access 'https://github.com/chirs0901/rumorcrusher.git/': The requested URL returned error: 403
[2026-05-22 15:18:40] ✗ 所有代理均失败，下次（5分钟后）重试
[2026-05-22 15:23:44] 检测到 2 个未推送 commit，开始 push...
remote: Permission to chirs0901/rumorcrusher.git denied to chirs0901.
fatal: unable to access 'https://github.com/chirs0901/rumorcrusher.git/': The requested URL returned error: 403
fatal: unable to access 'https://github.com/chirs0901/rumorcrusher.git/': Failed to connect to 127.0.0.1 port 1080 after 0 ms: Couldn't connect to server
remote: Permission to chirs0901/rumorcrusher.git denied to chirs0901.
fatal: unable to access 'https://github.com/chirs0901/rumorcrusher.git/': The requested URL returned error: 403
[2026-05-22 15:23:44] ✗ 所有代理均失败，下次（5分钟后）重试
[2026-05-22 15:28:47] 检测到 2 个未推送 commit，开始 push...
remote: Permission to chirs0901/rumorcrusher.git denied to chirs0901.
fatal: unable to access 'https://github.com/chirs0901/rumorcrusher.git/': The requested URL returned error: 403
fatal: unable to access 'https://github.com/chirs0901/rumorcrusher.git/': Failed to connect to 127.0.0.1 port 1080 after 0 ms: Couldn't connect to server
remote: Permission to chirs0901/rumorcrusher.git denied to chirs0901.
fatal: unable to access 'https://github.com/chirs0901/rumorcrusher.git/': The requested URL returned error: 403
[2026-05-22 15:28:47] ✗ 所有代理均失败，下次（5分钟后）重试
[2026-05-22 15:33:51] 检测到 2 个未推送 commit，开始 push...
remote: Permission to chirs0901/rumorcrusher.git denied to chirs0901.
fatal: unable to access 'https://github.com/chirs0901/rumorcrusher.git/': The requested URL returned error: 403
fatal: unable to access 'https://github.com/chirs0901/rumorcrusher.git/': Failed to connect to 127.0.0.1 port 1080 after 0 ms: Couldn't connect to server
remote: Permission to chirs0901/rumorcrusher.git denied to chirs0901.
fatal: unable to access 'https://github.com/chirs0901/rumorcrusher.git/': The requested URL returned error: 403
[2026-05-22 15:33:51] ✗ 所有代理均失败，下次（5分钟后）重试
[2026-05-22 15:38:54] 检测到 2 个未推送 commit，开始 push...
remote: Permission to chirs0901/rumorcrusher.git denied to chirs0901.
fatal: unable to access 'https://github.com/chirs0901/rumorcrusher.git/': The requested URL returned error: 403
fatal: unable to access 'https://github.com/chirs0901/rumorcrusher.git/': Failed to connect to 127.0.0.1 port 1080 after 0 ms: Couldn't connect to server
remote: Permission to chirs0901/rumorcrusher.git denied to chirs0901.
fatal: unable to access 'https://github.com/chirs0901/rumorcrusher.git/': The requested URL returned error: 403
[2026-05-22 15:38:54] ✗ 所有代理均失败，下次（5分钟后）重试
[2026-05-22 15:43:58] 检测到 2 个未推送 commit，开始 push...
remote: Permission to chirs0901/rumorcrusher.git denied to chirs0901.
fatal: unable to access 'https://github.com/chirs0901/rumorcrusher.git/': The requested URL returned error: 403
fatal: unable to access 'https://github.com/chirs0901/rumorcrusher.git/': Failed to connect to 127.0.0.1 port 1080 after 0 ms: Couldn't connect to server
remote: Permission to chirs0901/rumorcrusher.git denied to chirs0901.
fatal: unable to access 'https://github.com/chirs0901/rumorcrusher.git/': The requested URL returned error: 403
[2026-05-22 15:43:58] ✗ 所有代理均失败，下次（5分钟后）重试
[2026-05-22 15:49:02] 检测到 2 个未推送 commit，开始 push...
remote: Permission to chirs0901/rumorcrusher.git denied to chirs0901.
fatal: unable to access 'https://github.com/chirs0901/rumorcrusher.git/': The requested URL returned error: 403
fatal: unable to access 'https://github.com/chirs0901/rumorcrusher.git/': Failed to connect to 127.0.0.1 port 1080 after 0 ms: Couldn't connect to server
remote: Permission to chirs0901/rumorcrusher.git denied to chirs0901.
fatal: unable to access 'https://github.com/chirs0901/rumorcrusher.git/': The requested URL returned error: 403
[2026-05-22 15:49:02] ✗ 所有代理均失败，下次（5分钟后）重试
[2026-05-22 15:54:05] 检测到 2 个未推送 commit，开始 push...
remote: Permission to chirs0901/rumorcrusher.git denied to chirs0901.
fatal: unable to access 'https://github.com/chirs0901/rumorcrusher.git/': The requested URL returned error: 403
fatal: unable to access 'https://github.com/chirs0901/rumorcrusher.git/': Failed to connect to 127.0.0.1 port 1080 after 0 ms: Couldn't connect to server
remote: Permission to chirs0901/rumorcrusher.git denied to chirs0901.
fatal: unable to access 'https://github.com/chirs0901/rumorcrusher.git/': The requested URL returned error: 403
[2026-05-22 15:54:05] ✗ 所有代理均失败，下次（5分钟后）重试
[2026-05-22 15:59:08] 检测到 2 个未推送 commit，开始 push...
remote: Permission to chirs0901/rumorcrusher.git denied to chirs0901.
fatal: unable to access 'https://github.com/chirs0901/rumorcrusher.git/': The requested URL returned error: 403
fatal: unable to access 'https://github.com/chirs0901/rumorcrusher.git/': Failed to connect to 127.0.0.1 port 1080 after 0 ms: Couldn't connect to server
fatal: unable to access 'https://github.com/chirs0901/rumorcrusher.git/': Recv failure: Operation timed out
[2026-05-22 15:59:08] ✗ 所有代理均失败，下次（5分钟后）重试
[2026-05-22 16:05:38] 检测到 2 个未推送 commit，开始 push...
remote: Permission to chirs0901/rumorcrusher.git denied to chirs0901.
fatal: unable to access 'https://github.com/chirs0901/rumorcrusher.git/': The requested URL returned error: 403
fatal: unable to access 'https://github.com/chirs0901/rumorcrusher.git/': Failed to connect to 127.0.0.1 port 1080 after 0 ms: Couldn't connect to server
remote: Permission to chirs0901/rumorcrusher.git denied to chirs0901.
fatal: unable to access 'https://github.com/chirs0901/rumorcrusher.git/': The requested URL returned error: 403
[2026-05-22 16:05:38] ✗ 所有代理均失败，下次（5分钟后）重试
[2026-05-22 16:10:41] 检测到 2 个未推送 commit，开始 push...
remote: Permission to chirs0901/rumorcrusher.git denied to chirs0901.
fatal: unable to access 'https://github.com/chirs0901/rumorcrusher.git/': The requested URL returned error: 403
fatal: unable to access 'https://github.com/chirs0901/rumorcrusher.git/': Failed to connect to 127.0.0.1 port 1080 after 0 ms: Couldn't connect to server
remote: Permission to chirs0901/rumorcrusher.git denied to chirs0901.
fatal: unable to access 'https://github.com/chirs0901/rumorcrusher.git/': The requested URL returned error: 403
[2026-05-22 16:10:41] ✗ 所有代理均失败，下次（5分钟后）重试
[2026-05-22 16:15:45] 检测到 2 个未推送 commit，开始 push...
remote: Permission to chirs0901/rumorcrusher.git denied to chirs0901.
fatal: unable to access 'https://github.com/chirs0901/rumorcrusher.git/': The requested URL returned error: 403
fatal: unable to access 'https://github.com/chirs0901/rumorcrusher.git/': Failed to connect to 127.0.0.1 port 1080 after 0 ms: Couldn't connect to server
remote: Permission to chirs0901/rumorcrusher.git denied to chirs0901.
fatal: unable to access 'https://github.com/chirs0901/rumorcrusher.git/': The requested URL returned error: 403
[2026-05-22 16:15:45] ✗ 所有代理均失败，下次（5分钟后）重试
[2026-05-22 16:20:48] 检测到 2 个未推送 commit，开始 push...
remote: Permission to chirs0901/rumorcrusher.git denied to chirs0901.
fatal: unable to access 'https://github.com/chirs0901/rumorcrusher.git/': The requested URL returned error: 403
fatal: unable to access 'https://github.com/chirs0901/rumorcrusher.git/': Failed to connect to 127.0.0.1 port 1080 after 0 ms: Couldn't connect to server
remote: Permission to chirs0901/rumorcrusher.git denied to chirs0901.
fatal: unable to access 'https://github.com/chirs0901/rumorcrusher.git/': The requested URL returned error: 403
[2026-05-22 16:20:48] ✗ 所有代理均失败，下次（5分钟后）重试
[2026-05-22 16:27:20] 检测到 2 个未推送 commit，开始 push...
remote: Permission to chirs0901/rumorcrusher.git denied to chirs0901.
fatal: unable to access 'https://github.com/chirs0901/rumorcrusher.git/': The requested URL returned error: 403
fatal: unable to access 'https://github.com/chirs0901/rumorcrusher.git/': Failed to connect to 127.0.0.1 port 1080 after 0 ms: Couldn't connect to server
fatal: unable to access 'https://github.com/chirs0901/rumorcrusher.git/': Empty reply from server
[2026-05-22 16:27:20] ✗ 所有代理均失败，下次（5分钟后）重试
[2026-05-22 16:33:53] 检测到 2 个未推送 commit，开始 push...
remote: Permission to chirs0901/rumorcrusher.git denied to chirs0901.
fatal: unable to access 'https://github.com/chirs0901/rumorcrusher.git/': The requested URL returned error: 403
fatal: unable to access 'https://github.com/chirs0901/rumorcrusher.git/': Failed to connect to 127.0.0.1 port 1080 after 0 ms: Couldn't connect to server
remote: Permission to chirs0901/rumorcrusher.git denied to chirs0901.
fatal: unable to access 'https://github.com/chirs0901/rumorcrusher.git/': The requested URL returned error: 403
[2026-05-22 16:33:53] ✗ 所有代理均失败，下次（5分钟后）重试
[2026-05-22 16:38:57] 检测到 2 个未推送 commit，开始 push...
remote: Permission to chirs0901/rumorcrusher.git denied to chirs0901.
fatal: unable to access 'https://github.com/chirs0901/rumorcrusher.git/': The requested URL returned error: 403
fatal: unable to access 'https://github.com/chirs0901/rumorcrusher.git/': Failed to connect to 127.0.0.1 port 1080 after 0 ms: Couldn't connect to server
remote: Permission to chirs0901/rumorcrusher.git denied to chirs0901.
fatal: unable to access 'https://github.com/chirs0901/rumorcrusher.git/': The requested URL returned error: 403
[2026-05-22 16:38:57] ✗ 所有代理均失败，下次（5分钟后）重试
[2026-05-22 16:44:00] 检测到 2 个未推送 commit，开始 push...
remote: Permission to chirs0901/rumorcrusher.git denied to chirs0901.
fatal: unable to access 'https://github.com/chirs0901/rumorcrusher.git/': The requested URL returned error: 403
fatal: unable to access 'https://github.com/chirs0901/rumorcrusher.git/': Failed to connect to 127.0.0.1 port 1080 after 0 ms: Couldn't connect to server
remote: Permission to chirs0901/rumorcrusher.git denied to chirs0901.
fatal: unable to access 'https://github.com/chirs0901/rumorcrusher.git/': The requested URL returned error: 403
[2026-05-22 16:44:00] ✗ 所有代理均失败，下次（5分钟后）重试
[2026-05-22 16:49:03] 检测到 2 个未推送 commit，开始 push...
remote: Permission to chirs0901/rumorcrusher.git denied to chirs0901.
fatal: unable to access 'https://github.com/chirs0901/rumorcrusher.git/': The requested URL returned error: 403
fatal: unable to access 'https://github.com/chirs0901/rumorcrusher.git/': Failed to connect to 127.0.0.1 port 1080 after 0 ms: Couldn't connect to server
remote: Permission to chirs0901/rumorcrusher.git denied to chirs0901.
fatal: unable to access 'https://github.com/chirs0901/rumorcrusher.git/': The requested URL returned error: 403
[2026-05-22 16:49:03] ✗ 所有代理均失败，下次（5分钟后）重试
[2026-05-22 16:54:07] 检测到 2 个未推送 commit，开始 push...
remote: Permission to chirs0901/rumorcrusher.git denied to chirs0901.
fatal: unable to access 'https://github.com/chirs0901/rumorcrusher.git/': The requested URL returned error: 403
fatal: unable to access 'https://github.com/chirs0901/rumorcrusher.git/': Failed to connect to 127.0.0.1 port 1080 after 0 ms: Couldn't connect to server
remote: Permission to chirs0901/rumorcrusher.git denied to chirs0901.
fatal: unable to access 'https://github.com/chirs0901/rumorcrusher.git/': The requested URL returned error: 403
[2026-05-22 16:54:07] ✗ 所有代理均失败，下次（5分钟后）重试
[2026-05-22 16:59:11] 检测到 2 个未推送 commit，开始 push...
remote: Permission to chirs0901/rumorcrusher.git denied to chirs0901.
fatal: unable to access 'https://github.com/chirs0901/rumorcrusher.git/': The requested URL returned error: 403
fatal: unable to access 'https://github.com/chirs0901/rumorcrusher.git/': Failed to connect to 127.0.0.1 port 1080 after 0 ms: Couldn't connect to server
remote: Permission to chirs0901/rumorcrusher.git denied to chirs0901.
fatal: unable to access 'https://github.com/chirs0901/rumorcrusher.git/': The requested URL returned error: 403
[2026-05-22 16:59:11] ✗ 所有代理均失败，下次（5分钟后）重试
[2026-05-22 17:04:17] 检测到 2 个未推送 commit，开始 push...
remote: Permission to chirs0901/rumorcrusher.git denied to chirs0901.
fatal: unable to access 'https://github.com/chirs0901/rumorcrusher.git/': The requested URL returned error: 403
fatal: unable to access 'https://github.com/chirs0901/rumorcrusher.git/': Failed to connect to 127.0.0.1 port 1080 after 0 ms: Couldn't connect to server
remote: Permission to chirs0901/rumorcrusher.git denied to chirs0901.
fatal: unable to access 'https://github.com/chirs0901/rumorcrusher.git/': The requested URL returned error: 403
[2026-05-22 17:04:17] ✗ 所有代理均失败，下次（5分钟后）重试
[2026-05-22 17:10:50] 检测到 2 个未推送 commit，开始 push...
remote: Permission to chirs0901/rumorcrusher.git denied to chirs0901.
fatal: unable to access 'https://github.com/chirs0901/rumorcrusher.git/': The requested URL returned error: 403
fatal: unable to access 'https://github.com/chirs0901/rumorcrusher.git/': Failed to connect to 127.0.0.1 port 1080 after 0 ms: Couldn't connect to server
remote: Permission to chirs0901/rumorcrusher.git denied to chirs0901.
fatal: unable to access 'https://github.com/chirs0901/rumorcrusher.git/': The requested URL returned error: 403
[2026-05-22 17:10:50] ✗ 所有代理均失败，下次（5分钟后）重试
[2026-05-22 17:17:54] 检测到 2 个未推送 commit，开始 push...
remote: Permission to chirs0901/rumorcrusher.git denied to chirs0901.
fatal: unable to access 'https://github.com/chirs0901/rumorcrusher.git/': The requested URL returned error: 403
fatal: unable to access 'https://github.com/chirs0901/rumorcrusher.git/': Failed to connect to 127.0.0.1 port 1080 after 0 ms: Couldn't connect to server
remote: Permission to chirs0901/rumorcrusher.git denied to chirs0901.
fatal: unable to access 'https://github.com/chirs0901/rumorcrusher.git/': The requested URL returned error: 403
[2026-05-22 17:17:54] ✗ 所有代理均失败，下次（5分钟后）重试
[2026-05-22 17:22:57] 检测到 2 个未推送 commit，开始 push...
remote: Permission to chirs0901/rumorcrusher.git denied to chirs0901.
fatal: unable to access 'https://github.com/chirs0901/rumorcrusher.git/': The requested URL returned error: 403
fatal: unable to access 'https://github.com/chirs0901/rumorcrusher.git/': Failed to connect to 127.0.0.1 port 1080 after 0 ms: Couldn't connect to server
remote: Permission to chirs0901/rumorcrusher.git denied to chirs0901.
fatal: unable to access 'https://github.com/chirs0901/rumorcrusher.git/': The requested URL returned error: 403
[2026-05-22 17:22:57] ✗ 所有代理均失败，下次（5分钟后）重试
[2026-05-22 17:28:00] 检测到 2 个未推送 commit，开始 push...
remote: Permission to chirs0901/rumorcrusher.git denied to chirs0901.
fatal: unable to access 'https://github.com/chirs0901/rumorcrusher.git/': The requested URL returned error: 403
fatal: unable to access 'https://github.com/chirs0901/rumorcrusher.git/': Failed to connect to 127.0.0.1 port 1080 after 0 ms: Couldn't connect to server
remote: Permission to chirs0901/rumorcrusher.git denied to chirs0901.
fatal: unable to access 'https://github.com/chirs0901/rumorcrusher.git/': The requested URL returned error: 403
[2026-05-22 17:28:00] ✗ 所有代理均失败，下次（5分钟后）重试
[2026-05-22 17:33:04] 检测到 2 个未推送 commit，开始 push...
remote: Permission to chirs0901/rumorcrusher.git denied to chirs0901.
fatal: unable to access 'https://github.com/chirs0901/rumorcrusher.git/': The requested URL returned error: 403
fatal: unable to access 'https://github.com/chirs0901/rumorcrusher.git/': Failed to connect to 127.0.0.1 port 1080 after 0 ms: Couldn't connect to server
remote: Permission to chirs0901/rumorcrusher.git denied to chirs0901.
fatal: unable to access 'https://github.com/chirs0901/rumorcrusher.git/': The requested URL returned error: 403
[2026-05-22 17:33:04] ✗ 所有代理均失败，下次（5分钟后）重试
[2026-05-22 17:39:37] 检测到 2 个未推送 commit，开始 push...
remote: Permission to chirs0901/rumorcrusher.git denied to chirs0901.
fatal: unable to access 'https://github.com/chirs0901/rumorcrusher.git/': The requested URL returned error: 403
fatal: unable to access 'https://github.com/chirs0901/rumorcrusher.git/': Failed to connect to 127.0.0.1 port 1080 after 0 ms: Couldn't connect to server
remote: Permission to chirs0901/rumorcrusher.git denied to chirs0901.
fatal: unable to access 'https://github.com/chirs0901/rumorcrusher.git/': The requested URL returned error: 403
[2026-05-22 17:39:37] ✗ 所有代理均失败，下次（5分钟后）重试
[2026-05-22 17:44:41] 检测到 2 个未推送 commit，开始 push...
remote: Permission to chirs0901/rumorcrusher.git denied to chirs0901.
fatal: unable to access 'https://github.com/chirs0901/rumorcrusher.git/': The requested URL returned error: 403
fatal: unable to access 'https://github.com/chirs0901/rumorcrusher.git/': Failed to connect to 127.0.0.1 port 1080 after 0 ms: Couldn't connect to server
remote: Permission to chirs0901/rumorcrusher.git denied to chirs0901.
fatal: unable to access 'https://github.com/chirs0901/rumorcrusher.git/': The requested URL returned error: 403
[2026-05-22 17:44:41] ✗ 所有代理均失败，下次（5分钟后）重试
[2026-05-22 17:49:44] 检测到 2 个未推送 commit，开始 push...
remote: Permission to chirs0901/rumorcrusher.git denied to chirs0901.
fatal: unable to access 'https://github.com/chirs0901/rumorcrusher.git/': The requested URL returned error: 403
fatal: unable to access 'https://github.com/chirs0901/rumorcrusher.git/': Failed to connect to 127.0.0.1 port 1080 after 0 ms: Couldn't connect to server
remote: Permission to chirs0901/rumorcrusher.git denied to chirs0901.
fatal: unable to access 'https://github.com/chirs0901/rumorcrusher.git/': The requested URL returned error: 403
[2026-05-22 17:49:44] ✗ 所有代理均失败，下次（5分钟后）重试
[2026-05-22 17:54:47] 检测到 2 个未推送 commit，开始 push...
remote: Permission to chirs0901/rumorcrusher.git denied to chirs0901.
fatal: unable to access 'https://github.com/chirs0901/rumorcrusher.git/': The requested URL returned error: 403
fatal: unable to access 'https://github.com/chirs0901/rumorcrusher.git/': Failed to connect to 127.0.0.1 port 1080 after 0 ms: Couldn't connect to server
remote: Permission to chirs0901/rumorcrusher.git denied to chirs0901.
fatal: unable to access 'https://github.com/chirs0901/rumorcrusher.git/': The requested URL returned error: 403
[2026-05-22 17:54:47] ✗ 所有代理均失败，下次（5分钟后）重试
[2026-05-22 17:59:51] 检测到 2 个未推送 commit，开始 push...
remote: Permission to chirs0901/rumorcrusher.git denied to chirs0901.
fatal: unable to access 'https://github.com/chirs0901/rumorcrusher.git/': The requested URL returned error: 403
fatal: unable to access 'https://github.com/chirs0901/rumorcrusher.git/': Failed to connect to 127.0.0.1 port 1080 after 0 ms: Couldn't connect to server
remote: Permission to chirs0901/rumorcrusher.git denied to chirs0901.
fatal: unable to access 'https://github.com/chirs0901/rumorcrusher.git/': The requested URL returned error: 403
[2026-05-22 17:59:51] ✗ 所有代理均失败，下次（5分钟后）重试
[2026-05-22 18:04:55] 检测到 2 个未推送 commit，开始 push...
remote: Permission to chirs0901/rumorcrusher.git denied to chirs0901.
fatal: unable to access 'https://github.com/chirs0901/rumorcrusher.git/': The requested URL returned error: 403
fatal: unable to access 'https://github.com/chirs0901/rumorcrusher.git/': Failed to connect to 127.0.0.1 port 1080 after 0 ms: Couldn't connect to server
remote: Permission to chirs0901/rumorcrusher.git denied to chirs0901.
fatal: unable to access 'https://github.com/chirs0901/rumorcrusher.git/': The requested URL returned error: 403
[2026-05-22 18:04:55] ✗ 所有代理均失败，下次（5分钟后）重试
[2026-05-22 18:09:58] 检测到 2 个未推送 commit，开始 push...
remote: Permission to chirs0901/rumorcrusher.git denied to chirs0901.
fatal: unable to access 'https://github.com/chirs0901/rumorcrusher.git/': The requested URL returned error: 403
fatal: unable to access 'https://github.com/chirs0901/rumorcrusher.git/': Failed to connect to 127.0.0.1 port 1080 after 0 ms: Couldn't connect to server
remote: Permission to chirs0901/rumorcrusher.git denied to chirs0901.
fatal: unable to access 'https://github.com/chirs0901/rumorcrusher.git/': The requested URL returned error: 403
[2026-05-22 18:09:58] ✗ 所有代理均失败，下次（5分钟后）重试
[2026-05-22 18:16:31] 检测到 2 个未推送 commit，开始 push...
remote: Permission to chirs0901/rumorcrusher.git denied to chirs0901.
fatal: unable to access 'https://github.com/chirs0901/rumorcrusher.git/': The requested URL returned error: 403
fatal: unable to access 'https://github.com/chirs0901/rumorcrusher.git/': Failed to connect to 127.0.0.1 port 1080 after 0 ms: Couldn't connect to server
remote: Permission to chirs0901/rumorcrusher.git denied to chirs0901.
fatal: unable to access 'https://github.com/chirs0901/rumorcrusher.git/': The requested URL returned error: 403
[2026-05-22 18:16:31] ✗ 所有代理均失败，下次（5分钟后）重试
[2026-05-22 18:21:35] 检测到 2 个未推送 commit，开始 push...
remote: Permission to chirs0901/rumorcrusher.git denied to chirs0901.
fatal: unable to access 'https://github.com/chirs0901/rumorcrusher.git/': The requested URL returned error: 403
fatal: unable to access 'https://github.com/chirs0901/rumorcrusher.git/': Failed to connect to 127.0.0.1 port 1080 after 0 ms: Couldn't connect to server
remote: Permission to chirs0901/rumorcrusher.git denied to chirs0901.
fatal: unable to access 'https://github.com/chirs0901/rumorcrusher.git/': The requested URL returned error: 403
[2026-05-22 18:21:35] ✗ 所有代理均失败，下次（5分钟后）重试
[2026-05-22 18:26:38] 检测到 2 个未推送 commit，开始 push...
remote: Permission to chirs0901/rumorcrusher.git denied to chirs0901.
fatal: unable to access 'https://github.com/chirs0901/rumorcrusher.git/': The requested URL returned error: 403
fatal: unable to access 'https://github.com/chirs0901/rumorcrusher.git/': Failed to connect to 127.0.0.1 port 1080 after 0 ms: Couldn't connect to server
remote: Permission to chirs0901/rumorcrusher.git denied to chirs0901.
fatal: unable to access 'https://github.com/chirs0901/rumorcrusher.git/': The requested URL returned error: 403
[2026-05-22 18:26:38] ✗ 所有代理均失败，下次（5分钟后）重试
[2026-05-22 18:31:42] 检测到 2 个未推送 commit，开始 push...
remote: Permission to chirs0901/rumorcrusher.git denied to chirs0901.
fatal: unable to access 'https://github.com/chirs0901/rumorcrusher.git/': The requested URL returned error: 403
fatal: unable to access 'https://github.com/chirs0901/rumorcrusher.git/': Failed to connect to 127.0.0.1 port 1080 after 0 ms: Couldn't connect to server
remote: Permission to chirs0901/rumorcrusher.git denied to chirs0901.
fatal: unable to access 'https://github.com/chirs0901/rumorcrusher.git/': The requested URL returned error: 403
[2026-05-22 18:31:42] ✗ 所有代理均失败，下次（5分钟后）重试
[2026-05-22 18:36:46] 检测到 2 个未推送 commit，开始 push...
remote: Permission to chirs0901/rumorcrusher.git denied to chirs0901.
fatal: unable to access 'https://github.com/chirs0901/rumorcrusher.git/': The requested URL returned error: 403
fatal: unable to access 'https://github.com/chirs0901/rumorcrusher.git/': Failed to connect to 127.0.0.1 port 1080 after 0 ms: Couldn't connect to server
remote: Permission to chirs0901/rumorcrusher.git denied to chirs0901.
fatal: unable to access 'https://github.com/chirs0901/rumorcrusher.git/': The requested URL returned error: 403
[2026-05-22 18:36:46] ✗ 所有代理均失败，下次（5分钟后）重试
[2026-05-22 18:41:49] 检测到 2 个未推送 commit，开始 push...
remote: Permission to chirs0901/rumorcrusher.git denied to chirs0901.
fatal: unable to access 'https://github.com/chirs0901/rumorcrusher.git/': The requested URL returned error: 403
fatal: unable to access 'https://github.com/chirs0901/rumorcrusher.git/': Failed to connect to 127.0.0.1 port 1080 after 0 ms: Couldn't connect to server
remote: Permission to chirs0901/rumorcrusher.git denied to chirs0901.
fatal: unable to access 'https://github.com/chirs0901/rumorcrusher.git/': The requested URL returned error: 403
[2026-05-22 18:41:49] ✗ 所有代理均失败，下次（5分钟后）重试
[2026-05-22 18:46:52] 检测到 2 个未推送 commit，开始 push...
remote: Permission to chirs0901/rumorcrusher.git denied to chirs0901.
fatal: unable to access 'https://github.com/chirs0901/rumorcrusher.git/': The requested URL returned error: 403
fatal: unable to access 'https://github.com/chirs0901/rumorcrusher.git/': Failed to connect to 127.0.0.1 port 1080 after 0 ms: Couldn't connect to server
remote: Permission to chirs0901/rumorcrusher.git denied to chirs0901.
fatal: unable to access 'https://github.com/chirs0901/rumorcrusher.git/': The requested URL returned error: 403
[2026-05-22 18:46:52] ✗ 所有代理均失败，下次（5分钟后）重试
[2026-05-22 18:53:21] 检测到 2 个未推送 commit，开始 push...
remote: Permission to chirs0901/rumorcrusher.git denied to chirs0901.
fatal: unable to access 'https://github.com/chirs0901/rumorcrusher.git/': The requested URL returned error: 403
fatal: unable to access 'https://github.com/chirs0901/rumorcrusher.git/': Failed to connect to 127.0.0.1 port 1080 after 0 ms: Couldn't connect to server
remote: Permission to chirs0901/rumorcrusher.git denied to chirs0901.
fatal: unable to access 'https://github.com/chirs0901/rumorcrusher.git/': The requested URL returned error: 403
[2026-05-22 18:53:21] ✗ 所有代理均失败，下次（5分钟后）重试
[2026-05-22 18:58:25] 检测到 2 个未推送 commit，开始 push...
remote: Permission to chirs0901/rumorcrusher.git denied to chirs0901.
fatal: unable to access 'https://github.com/chirs0901/rumorcrusher.git/': The requested URL returned error: 403
fatal: unable to access 'https://github.com/chirs0901/rumorcrusher.git/': Failed to connect to 127.0.0.1 port 1080 after 0 ms: Couldn't connect to server
fatal: unable to access 'https://github.com/chirs0901/rumorcrusher.git/': Recv failure: Operation timed out
[2026-05-22 18:58:25] ✗ 所有代理均失败，下次（5分钟后）重试
[2026-05-22 19:04:55] 检测到 2 个未推送 commit，开始 push...
remote: Permission to chirs0901/rumorcrusher.git denied to chirs0901.
fatal: unable to access 'https://github.com/chirs0901/rumorcrusher.git/': The requested URL returned error: 403
fatal: unable to access 'https://github.com/chirs0901/rumorcrusher.git/': Failed to connect to 127.0.0.1 port 1080 after 0 ms: Couldn't connect to server
remote: Permission to chirs0901/rumorcrusher.git denied to chirs0901.
fatal: unable to access 'https://github.com/chirs0901/rumorcrusher.git/': The requested URL returned error: 403
[2026-05-22 19:04:55] ✗ 所有代理均失败，下次（5分钟后）重试
[2026-05-22 19:09:59] 检测到 2 个未推送 commit，开始 push...
remote: Permission to chirs0901/rumorcrusher.git denied to chirs0901.
fatal: unable to access 'https://github.com/chirs0901/rumorcrusher.git/': The requested URL returned error: 403
fatal: unable to access 'https://github.com/chirs0901/rumorcrusher.git/': Failed to connect to 127.0.0.1 port 1080 after 0 ms: Couldn't connect to server
remote: Permission to chirs0901/rumorcrusher.git denied to chirs0901.
fatal: unable to access 'https://github.com/chirs0901/rumorcrusher.git/': The requested URL returned error: 403
[2026-05-22 19:09:59] ✗ 所有代理均失败，下次（5分钟后）重试
[2026-05-22 19:15:03] 检测到 2 个未推送 commit，开始 push...
remote: Permission to chirs0901/rumorcrusher.git denied to chirs0901.
fatal: unable to access 'https://github.com/chirs0901/rumorcrusher.git/': The requested URL returned error: 403
fatal: unable to access 'https://github.com/chirs0901/rumorcrusher.git/': Failed to connect to 127.0.0.1 port 1080 after 0 ms: Couldn't connect to server
fatal: unable to access 'https://github.com/chirs0901/rumorcrusher.git/': Recv failure: Operation timed out
[2026-05-22 19:15:03] ✗ 所有代理均失败，下次（5分钟后）重试
[2026-05-22 19:24:14] 检测到 2 个未推送 commit，开始 push...
remote: Permission to chirs0901/rumorcrusher.git denied to chirs0901.
fatal: unable to access 'https://github.com/chirs0901/rumorcrusher.git/': The requested URL returned error: 403
fatal: unable to access 'https://github.com/chirs0901/rumorcrusher.git/': Failed to connect to 127.0.0.1 port 1080 after 0 ms: Couldn't connect to server
remote: Permission to chirs0901/rumorcrusher.git denied to chirs0901.
fatal: unable to access 'https://github.com/chirs0901/rumorcrusher.git/': The requested URL returned error: 403
[2026-05-22 19:24:14] ✗ 所有代理均失败，下次（5分钟后）重试
[2026-05-22 19:34:16] 检测到 2 个未推送 commit，开始 push...
remote: Permission to chirs0901/rumorcrusher.git denied to chirs0901.
fatal: unable to access 'https://github.com/chirs0901/rumorcrusher.git/': The requested URL returned error: 403
fatal: unable to access 'https://github.com/chirs0901/rumorcrusher.git/': Failed to connect to 127.0.0.1 port 1080 after 0 ms: Couldn't connect to server
remote: Permission to chirs0901/rumorcrusher.git denied to chirs0901.
fatal: unable to access 'https://github.com/chirs0901/rumorcrusher.git/': The requested URL returned error: 403
[2026-05-22 19:34:16] ✗ 所有代理均失败，下次（5分钟后）重试
[2026-05-22 19:39:21] 检测到 2 个未推送 commit，开始 push...
remote: Permission to chirs0901/rumorcrusher.git denied to chirs0901.
fatal: unable to access 'https://github.com/chirs0901/rumorcrusher.git/': The requested URL returned error: 403
fatal: unable to access 'https://github.com/chirs0901/rumorcrusher.git/': Failed to connect to 127.0.0.1 port 1080 after 0 ms: Couldn't connect to server
remote: Permission to chirs0901/rumorcrusher.git denied to chirs0901.
fatal: unable to access 'https://github.com/chirs0901/rumorcrusher.git/': The requested URL returned error: 403
[2026-05-22 19:39:21] ✗ 所有代理均失败，下次（5分钟后）重试
[2026-05-22 19:44:25] 检测到 2 个未推送 commit，开始 push...
remote: Permission to chirs0901/rumorcrusher.git denied to chirs0901.
fatal: unable to access 'https://github.com/chirs0901/rumorcrusher.git/': The requested URL returned error: 403
fatal: unable to access 'https://github.com/chirs0901/rumorcrusher.git/': Failed to connect to 127.0.0.1 port 1080 after 0 ms: Couldn't connect to server
remote: Permission to chirs0901/rumorcrusher.git denied to chirs0901.
fatal: unable to access 'https://github.com/chirs0901/rumorcrusher.git/': The requested URL returned error: 403
[2026-05-22 19:44:25] ✗ 所有代理均失败，下次（5分钟后）重试
[2026-05-22 19:49:29] 检测到 2 个未推送 commit，开始 push...
remote: Permission to chirs0901/rumorcrusher.git denied to chirs0901.
fatal: unable to access 'https://github.com/chirs0901/rumorcrusher.git/': The requested URL returned error: 403
fatal: unable to access 'https://github.com/chirs0901/rumorcrusher.git/': Failed to connect to 127.0.0.1 port 1080 after 0 ms: Couldn't connect to server
remote: Permission to chirs0901/rumorcrusher.git denied to chirs0901.
fatal: unable to access 'https://github.com/chirs0901/rumorcrusher.git/': The requested URL returned error: 403
[2026-05-22 19:49:29] ✗ 所有代理均失败，下次（5分钟后）重试
[2026-05-22 19:54:32] 检测到 2 个未推送 commit，开始 push...
remote: Permission to chirs0901/rumorcrusher.git denied to chirs0901.
fatal: unable to access 'https://github.com/chirs0901/rumorcrusher.git/': The requested URL returned error: 403
fatal: unable to access 'https://github.com/chirs0901/rumorcrusher.git/': Failed to connect to 127.0.0.1 port 1080 after 0 ms: Couldn't connect to server
remote: Permission to chirs0901/rumorcrusher.git denied to chirs0901.
fatal: unable to access 'https://github.com/chirs0901/rumorcrusher.git/': The requested URL returned error: 403
[2026-05-22 19:54:32] ✗ 所有代理均失败，下次（5分钟后）重试
[2026-05-22 19:59:36] 检测到 2 个未推送 commit，开始 push...
remote: Permission to chirs0901/rumorcrusher.git denied to chirs0901.
fatal: unable to access 'https://github.com/chirs0901/rumorcrusher.git/': The requested URL returned error: 403
fatal: unable to access 'https://github.com/chirs0901/rumorcrusher.git/': Failed to connect to 127.0.0.1 port 1080 after 0 ms: Couldn't connect to server
fatal: unable to access 'https://github.com/chirs0901/rumorcrusher.git/': Empty reply from server
[2026-05-22 19:59:36] ✗ 所有代理均失败，下次（5分钟后）重试
[2026-05-22 20:06:08] 检测到 2 个未推送 commit，开始 push...
remote: Permission to chirs0901/rumorcrusher.git denied to chirs0901.
fatal: unable to access 'https://github.com/chirs0901/rumorcrusher.git/': The requested URL returned error: 403
fatal: unable to access 'https://github.com/chirs0901/rumorcrusher.git/': Failed to connect to 127.0.0.1 port 1080 after 0 ms: Couldn't connect to server
remote: Permission to chirs0901/rumorcrusher.git denied to chirs0901.
fatal: unable to access 'https://github.com/chirs0901/rumorcrusher.git/': The requested URL returned error: 403
[2026-05-22 20:06:08] ✗ 所有代理均失败，下次（5分钟后）重试
[2026-05-22 20:12:41] 检测到 2 个未推送 commit，开始 push...
remote: Permission to chirs0901/rumorcrusher.git denied to chirs0901.
fatal: unable to access 'https://github.com/chirs0901/rumorcrusher.git/': The requested URL returned error: 403
fatal: unable to access 'https://github.com/chirs0901/rumorcrusher.git/': Failed to connect to 127.0.0.1 port 1080 after 0 ms: Couldn't connect to server
fatal: unable to access 'https://github.com/chirs0901/rumorcrusher.git/': Empty reply from server
[2026-05-22 20:12:41] ✗ 所有代理均失败，下次（5分钟后）重试
[2026-05-22 20:19:13] 检测到 2 个未推送 commit，开始 push...
remote: Permission to chirs0901/rumorcrusher.git denied to chirs0901.
fatal: unable to access 'https://github.com/chirs0901/rumorcrusher.git/': The requested URL returned error: 403
fatal: unable to access 'https://github.com/chirs0901/rumorcrusher.git/': Failed to connect to 127.0.0.1 port 1080 after 0 ms: Couldn't connect to server
remote: Permission to chirs0901/rumorcrusher.git denied to chirs0901.
fatal: unable to access 'https://github.com/chirs0901/rumorcrusher.git/': The requested URL returned error: 403
[2026-05-22 20:19:13] ✗ 所有代理均失败，下次（5分钟后）重试
[2026-05-22 20:24:18] 检测到 2 个未推送 commit，开始 push...
remote: Permission to chirs0901/rumorcrusher.git denied to chirs0901.
fatal: unable to access 'https://github.com/chirs0901/rumorcrusher.git/': The requested URL returned error: 403
fatal: unable to access 'https://github.com/chirs0901/rumorcrusher.git/': Failed to connect to 127.0.0.1 port 1080 after 0 ms: Couldn't connect to server
remote: Permission to chirs0901/rumorcrusher.git denied to chirs0901.
fatal: unable to access 'https://github.com/chirs0901/rumorcrusher.git/': The requested URL returned error: 403
[2026-05-22 20:24:18] ✗ 所有代理均失败，下次（5分钟后）重试
[2026-05-22 20:29:21] 检测到 2 个未推送 commit，开始 push...
remote: Permission to chirs0901/rumorcrusher.git denied to chirs0901.
fatal: unable to access 'https://github.com/chirs0901/rumorcrusher.git/': The requested URL returned error: 403
fatal: unable to access 'https://github.com/chirs0901/rumorcrusher.git/': Failed to connect to 127.0.0.1 port 1080 after 0 ms: Couldn't connect to server
fatal: unable to access 'https://github.com/chirs0901/rumorcrusher.git/': Recv failure: Operation timed out
[2026-05-22 20:29:21] ✗ 所有代理均失败，下次（5分钟后）重试
[2026-05-22 20:35:50] 检测到 2 个未推送 commit，开始 push...
remote: Permission to chirs0901/rumorcrusher.git denied to chirs0901.
fatal: unable to access 'https://github.com/chirs0901/rumorcrusher.git/': The requested URL returned error: 403
fatal: unable to access 'https://github.com/chirs0901/rumorcrusher.git/': Failed to connect to 127.0.0.1 port 1080 after 0 ms: Couldn't connect to server
remote: Permission to chirs0901/rumorcrusher.git denied to chirs0901.
fatal: unable to access 'https://github.com/chirs0901/rumorcrusher.git/': The requested URL returned error: 403
[2026-05-22 20:35:50] ✗ 所有代理均失败，下次（5分钟后）重试
[2026-05-22 20:40:55] 检测到 2 个未推送 commit，开始 push...
remote: Permission to chirs0901/rumorcrusher.git denied to chirs0901.
fatal: unable to access 'https://github.com/chirs0901/rumorcrusher.git/': The requested URL returned error: 403
fatal: unable to access 'https://github.com/chirs0901/rumorcrusher.git/': Failed to connect to 127.0.0.1 port 1080 after 0 ms: Couldn't connect to server
remote: Permission to chirs0901/rumorcrusher.git denied to chirs0901.
fatal: unable to access 'https://github.com/chirs0901/rumorcrusher.git/': The requested URL returned error: 403
[2026-05-22 20:40:55] ✗ 所有代理均失败，下次（5分钟后）重试
[2026-05-22 20:45:59] 检测到 2 个未推送 commit，开始 push...
To https://github.com/chirs0901/rumorcrusher.git
   a57fa5b..d060da0  main -> main
[2026-05-22 20:45:59] ✓ 推送成功（proxy=http://127.0.0.1:7897）
[2026-05-22 20:48:16] 检测到 1 个未推送 commit，开始 push...
To https://github.com/chirs0901/rumorcrusher.git
   d060da0..0528a2a  main -> main
[2026-05-22 20:48:16] ✓ 推送成功（proxy=http://127.0.0.1:7897）
[2026-05-22 22:21:45] 检测到 1 个未推送 commit，开始 push...
To https://github.com/chirs0901/rumorcrusher.git
   0528a2a..e2f3375  main -> main
[2026-05-22 22:21:45] ✓ 推送成功（proxy=http://127.0.0.1:7897）
