[2026-05-31 22:00:02 CST] 🌙 开始晚跑 RumorCrusher 流水线...
[2026-05-31 22:00:02 CST] [1/6] 启动 Collector Agent...
[2026-05-31 22:00:02 CST] [2/6] 启动 Check-Worthiness Filter...
[2026-05-31 22:00:02 CST] [3/6] 启动审核委员会（4-Agent并行）...
[2026-05-31 22:00:02 CST] [4/6] 启动 Synthesizer Agent...
[2026-05-31 22:00:02 CST] [5/6] 生成报告...
[2026-05-31 22:00:02 CST] [6/6] 更新知识飞轮...
[2026-05-31 22:00:02 CST] 执行发布脚本...
[1/3] 推送到 GitHub...
[pre-commit] tech-digest JS 校验...
✅ tech-digest JS 校验通过
  无变化，跳过推送
[2/3] 推送飞书通知...
Traceback (most recent call last):
  File "/Users/zhiqiao/Documents/Qoder/RumorCrusher-qoder/scripts/feishu_notify.py", line 92, in <module>
    sys.exit(main())
             ^^^^^^
  File "/Users/zhiqiao/Documents/Qoder/RumorCrusher-qoder/scripts/feishu_notify.py", line 66, in main
    annot = json.load(open(synth_path))
                      ^^^^^^^^^^^^^^^^
FileNotFoundError: [Errno 2] No such file or directory: '/Users/zhiqiao/Documents/Qoder/RumorCrusher-qoder/2026-05-31/02-annotations/synthesis.json'
  ⚠ 飞书通知失败
[3/3] 发送邮件通知...
Traceback (most recent call last):
  File "/Users/zhiqiao/Documents/Qoder/RumorCrusher-qoder/scripts/email_notify.py", line 144, in <module>
    sys.exit(main())
             ^^^^^^
  File "/Users/zhiqiao/Documents/Qoder/RumorCrusher-qoder/scripts/email_notify.py", line 116, in main
    annot = json.load(open(synth_path))
                      ^^^^^^^^^^^^^^^^
FileNotFoundError: [Errno 2] No such file or directory: '/Users/zhiqiao/Documents/Qoder/RumorCrusher-qoder/2026-05-31/02-annotations/synthesis.json'
  ⚠ 邮件通知失败
发布脚本完成. git=NO_CHANGE
[2026-05-31 22:00:02 CST] ✅ 晚跑流水线完成

