[2026-05-16 03:16:41 CST] git push FAILED: exit code 128, HTTP 403 from proxy after CONNECT to github.com
  原因：Sandbox代理不允许直接HTTPS push到GitHub（需通过用户本地代理7897端口，但该端口在sandbox内不可达）
  建议：在本机运行 git push（仓库已在本地提交完毕，内容全部就位）
[2026-05-16 03:16:41 CST] 飞书通知: 跳过（git push失败，未触发飞书）
[2026-05-16 03:16:41 CST] 邮件通知: 跳过（git push失败，未触发邮件）
2026-05-16 14:18:49 UTC [git] push失败：fatal: unable to access 'https://github.com/chirs0901/rumorcrusher.git/': Received HTTP code 403 from proxy after CONNECT
2026-05-16 14:18:49 UTC [feishu] FAILED（sandbox内webhook不可达，需用户本机执行）
2026-05-16 14:18:49 UTC [email] FAILED（sandbox无SMTP配置）
[2026-05-17 14:14:15 UTC] [git] push失败（sandbox代理不通）
[2026-05-17 14:14:23 UTC] [feishu] FAILED (exit=1)
[2026-05-17 14:14:23 UTC] [email] FAILED (exit=1)
[2026-05-17 14:14:49 UTC] [feishu] FAILED-retry (exit=1)
[2026-05-17 14:14:49 UTC] [email] FAILED-retry (exit=1)
[2026-05-17 14:15:10 UTC] [feishu] FAILED-final (exit=1)
[2026-05-17 14:15:10 UTC] [email] FAILED-final (exit=1)
[2026-05-17 14:15:35 UTC] ===== 晚跑 evening-140354 推送汇总 =====
[2026-05-17 14:15:35 UTC] [git]    COMMITTED_NOT_PUSHED — sandbox代理403/连接拒绝，commit hash: 0a1ef4a
[2026-05-17 14:15:35 UTC] [feishu] FAILED — sandbox外网HTTPS被代理403阻断（open.feishu.cn不可达）
[2026-05-17 14:15:35 UTC] [email]  FAILED — sandbox DNS解析失败（smtp.163.com无法解析）
[2026-05-17 14:15:35 UTC] 建议：用户在本机执行 'git push' 即可完成GitHub Pages更新（本地已commit）
[2026-05-18 13:56:15 UTC] [git-evening-134132] push失败（sandbox代理不通，commit已完成：8bc9da2，请在本机运行 git push）
[2026-05-18 13:56:21 UTC] [feishu-evening-134132] FAILED: Traceback (most recent call last):
  File "/sessions/compassionate-sharp-hopper/mnt/RumorCrusher/scripts/feishu_notify.py", line 85, in <module>
    sys.exit(main())
  File "/sessions/compassionate-sharp-hopper/mnt/RumorCrusher/scripts/feishu_notify.py", line 59, in main
    annot = json.load(open(ROOT / date / "02-annotations" / "synthesis.json"))
FileNotFoundError: [Errno 2] No such file or directory: '/sessions/compassionate-sharp-hopper/mnt/RumorCrusher/2026-05-18/02-annotations/synthesis.json'
[2026-05-18 13:56:21 UTC] [email-evening-134132] FAILED: Traceback (most recent call last):
  File "/sessions/compassionate-sharp-hopper/mnt/RumorCrusher/scripts/email_notify.py", line 137, in <module>
    sys.exit(main())
  File "/sessions/compassionate-sharp-hopper/mnt/RumorCrusher/scripts/email_notify.py", line 109, in main
    annot = json.load(open(ROOT / date / "02-annotations" / "synthesis.json"))
FileNotFoundError: [Errno 2] No such file or directory: '/sessions/compassionate-sharp-hopper/mnt/RumorCrusher/2026-05-18/02-annotations/synthesis.json'
[2026-05-18 13:57:39 UTC] [feishu-evening-134132] FAILED: Traceback (most recent call last): File "/usr/lib/python3.10/urllib/request.py", line 1348, in do_open h.request(req.get_method(), req.selector, req.data, headers, File "/usr/lib/python3.10/http/clien
[2026-05-18 13:57:39 UTC] [email-evening-134132] FAILED: Traceback (most recent call last): File "/sessions/compassionate-sharp-hopper/mnt/RumorCrusher/scripts/email_notify.py", line 137, in <module> sys.exit(main()) File "/sessions/compassionate-sharp-hopp
[2026-05-18 13:58:31 UTC] [feishu-evening-134132] FAILED_NETWORK: sandbox代理403
[2026-05-18 13:58:31 UTC] [email-evening-134132] FAILED_NETWORK: sandbox网络限制
[2026-05-18 23:24:15 UTC] [git-techdigest] push失败（代理），commit已完成
2026-05-19 17:32:05 [2026-05-19 daily]
  GIT_PUSH: FAILED — proxy 403 (127.0.0.1:7897 not reachable)
---
2026-05-19 17:32:13 [2026-05-19 retry-after-symlink]
  FEISHU: OK
  EMAIL: OK
  GIT_PUSH: FAILED — 代理不可达，commit已完成 (hash: 4db2712)
---
2026-05-19 17:33:22 [2026-05-19 final]
  GIT_PUSH: FAILED — sandbox代理403/SOCKS5不可达，commit已完成 (hash: 4db2712)
  FEISHU: FAILED_NETWORK — sandbox环境proxy 403 Forbidden（同05-18晚报同因）
  EMAIL: FAILED (exit 1) — 网络限制同飞书
---
2026-05-19 23:28:25 [2026-05-19 tech-digest update]
  GIT_PUSH: FAILED — sandbox网络限制（同日早批次同因）
---
